CRITICAL - 2025-02-04 03:18:54 --> CodeIgniter\View\Exceptions\ViewException: Invalid file: "roles/show.php"
[Method: GET, Route: /]
in SYSTEMPATH\Exceptions\FrameworkException.php on line 41.
 1 SYSTEMPATH\View\View.php(222): CodeIgniter\Exceptions\FrameworkException::forInvalidFile('roles/show.php')
 2 SYSTEMPATH\Common.php(1169): CodeIgniter\View\View->render('roles/show', [], true)
 3 APPPATH\Controllers\Roles.php(12): view('roles/show')
 4 SYSTEMPATH\CodeIgniter.php(933): App\Controllers\Roles->index()
 5 SYSTEMPATH\CodeIgniter.php(509): CodeIgniter\CodeIgniter->runController(Object(App\Controllers\Roles))
 6 SYSTEMPATH\CodeIgniter.php(355): CodeIgniter\CodeIgniter->handleRequest(null, Object(Config\Cache), false)
 7 SYSTEMPATH\Boot.php(325): CodeIgniter\CodeIgniter->run()
 8 SYSTEMPATH\Boot.php(67): CodeIgniter\Boot::runCodeIgniter(Object(CodeIgniter\CodeIgniter))
 9 FCPATH\index.php(56): CodeIgniter\Boot::bootWeb(Object(Config\Paths))
CRITICAL - 2025-02-04 03:19:32 --> CodeIgniter\View\Exceptions\ViewException: Invalid file: "layout/layout.php"
[Method: GET, Route: /]
in SYSTEMPATH\Exceptions\FrameworkException.php on line 41.
 1 SYSTEMPATH\View\View.php(222): CodeIgniter\Exceptions\FrameworkException::forInvalidFile('layout/layout.php')
 2 SYSTEMPATH\View\View.php(250): CodeIgniter\View\View->render('layout/layout.php', [], true)
 3 SYSTEMPATH\Common.php(1169): CodeIgniter\View\View->render('admin/roles/show', [], true)
 4 APPPATH\Controllers\Roles.php(12): view('admin/roles/show')
 5 SYSTEMPATH\CodeIgniter.php(933): App\Controllers\Roles->index()
 6 SYSTEMPATH\CodeIgniter.php(509): CodeIgniter\CodeIgniter->runController(Object(App\Controllers\Roles))
 7 SYSTEMPATH\CodeIgniter.php(355): CodeIgniter\CodeIgniter->handleRequest(null, Object(Config\Cache), false)
 8 SYSTEMPATH\Boot.php(325): CodeIgniter\CodeIgniter->run()
 9 SYSTEMPATH\Boot.php(67): CodeIgniter\Boot::runCodeIgniter(Object(CodeIgniter\CodeIgniter))
10 FCPATH\index.php(56): CodeIgniter\Boot::bootWeb(Object(Config\Paths))
