ERROR - 2025-03-03 01:41:41 --> Error connecting to the database: mysqli_sql_exception: No se puede establecer una conexión ya que el equipo de destino denegó expresamente dicha conexión in C:\xampp\htdocs\bibliotecadigital\system\Database\MySQLi\Connection.php:186
Stack trace:
#0 C:\xampp\htdocs\bibliotecadigital\system\Database\MySQLi\Connection.php(186): mysqli->real_connect('localhost', 'root', Object(SensitiveParameterValue), 'bibliotecadigit...', 3306, '', 0)
#1 C:\xampp\htdocs\bibliotecadigital\system\Database\BaseConnection.php(421): CodeIgniter\Database\MySQLi\Connection->connect(false)
#2 C:\xampp\htdocs\bibliotecadigital\system\Database\BaseConnection.php(616): CodeIgniter\Database\BaseConnection->initialize()
#3 C:\xampp\htdocs\bibliotecadigital\system\Database\BaseBuilder.php(1644): CodeIgniter\Database\BaseConnection->query('SELECT *\nFROM `...', Array, false)
#4 C:\xampp\htdocs\bibliotecadigital\system\Model.php(286): CodeIgniter\Database\BaseBuilder->get()
#5 C:\xampp\htdocs\bibliotecadigital\system\BaseModel.php(676): CodeIgniter\Model->doFindAll(0, 0)
#6 C:\xampp\htdocs\bibliotecadigital\app\Controllers\Roles.php(13): CodeIgniter\BaseModel->findAll()
#7 C:\xampp\htdocs\bibliotecadigital\system\CodeIgniter.php(933): App\Controllers\Roles->index()
#8 C:\xampp\htdocs\bibliotecadigital\system\CodeIgniter.php(509): CodeIgniter\CodeIgniter->runController(Object(App\Controllers\Roles))
#9 C:\xampp\htdocs\bibliotecadigital\system\CodeIgniter.php(355): CodeIgniter\CodeIgniter->handleRequest(NULL, Object(Config\Cache), false)
#10 C:\xampp\htdocs\bibliotecadigital\system\Boot.php(325): CodeIgniter\CodeIgniter->run()
#11 C:\xampp\htdocs\bibliotecadigital\system\Boot.php(67): CodeIgniter\Boot::runCodeIgniter(Object(CodeIgniter\CodeIgniter))
#12 C:\xampp\htdocs\bibliotecadigital\public\index.php(56): CodeIgniter\Boot::bootWeb(Object(Config\Paths))
#13 {main}

Next CodeIgniter\Database\Exceptions\DatabaseException: No se puede establecer una conexión ya que el equipo de destino denegó expresamente dicha conexión in C:\xampp\htdocs\bibliotecadigital\system\Database\MySQLi\Connection.php:231
Stack trace:
#0 C:\xampp\htdocs\bibliotecadigital\system\Database\BaseConnection.php(421): CodeIgniter\Database\MySQLi\Connection->connect(false)
#1 C:\xampp\htdocs\bibliotecadigital\system\Database\BaseConnection.php(616): CodeIgniter\Database\BaseConnection->initialize()
#2 C:\xampp\htdocs\bibliotecadigital\system\Database\BaseBuilder.php(1644): CodeIgniter\Database\BaseConnection->query('SELECT *\nFROM `...', Array, false)
#3 C:\xampp\htdocs\bibliotecadigital\system\Model.php(286): CodeIgniter\Database\BaseBuilder->get()
#4 C:\xampp\htdocs\bibliotecadigital\system\BaseModel.php(676): CodeIgniter\Model->doFindAll(0, 0)
#5 C:\xampp\htdocs\bibliotecadigital\app\Controllers\Roles.php(13): CodeIgniter\BaseModel->findAll()
#6 C:\xampp\htdocs\bibliotecadigital\system\CodeIgniter.php(933): App\Controllers\Roles->index()
#7 C:\xampp\htdocs\bibliotecadigital\system\CodeIgniter.php(509): CodeIgniter\CodeIgniter->runController(Object(App\Controllers\Roles))
#8 C:\xampp\htdocs\bibliotecadigital\system\CodeIgniter.php(355): CodeIgniter\CodeIgniter->handleRequest(NULL, Object(Config\Cache), false)
#9 C:\xampp\htdocs\bibliotecadigital\system\Boot.php(325): CodeIgniter\CodeIgniter->run()
#10 C:\xampp\htdocs\bibliotecadigital\system\Boot.php(67): CodeIgniter\Boot::runCodeIgniter(Object(CodeIgniter\CodeIgniter))
#11 C:\xampp\htdocs\bibliotecadigital\public\index.php(56): CodeIgniter\Boot::bootWeb(Object(Config\Paths))
#12 {main}
CRITICAL - 2025-03-03 01:41:41 --> CodeIgniter\Database\Exceptions\DatabaseException: Unable to connect to the database.
Main connection [MySQLi]: No se puede establecer una conexión ya que el equipo de destino denegó expresamente dicha conexión
[Method: GET, Route: roles]
in SYSTEMPATH\Database\BaseConnection.php on line 467.
 1 SYSTEMPATH\Database\BaseConnection.php(616): CodeIgniter\Database\BaseConnection->initialize()
 2 SYSTEMPATH\Database\BaseBuilder.php(1644): CodeIgniter\Database\BaseConnection->query('SELECT *
FROM `roles`', [], false)
 3 SYSTEMPATH\Model.php(286): CodeIgniter\Database\BaseBuilder->get()
 4 SYSTEMPATH\BaseModel.php(676): CodeIgniter\Model->doFindAll(0, 0)
 5 APPPATH\Controllers\Roles.php(13): CodeIgniter\BaseModel->findAll()
 6 SYSTEMPATH\CodeIgniter.php(933): App\Controllers\Roles->index()
 7 SYSTEMPATH\CodeIgniter.php(509): CodeIgniter\CodeIgniter->runController(Object(App\Controllers\Roles))
 8 SYSTEMPATH\CodeIgniter.php(355): CodeIgniter\CodeIgniter->handleRequest(null, Object(Config\Cache), false)
 9 SYSTEMPATH\Boot.php(325): CodeIgniter\CodeIgniter->run()
10 SYSTEMPATH\Boot.php(67): CodeIgniter\Boot::runCodeIgniter(Object(CodeIgniter\CodeIgniter))
11 FCPATH\index.php(56): CodeIgniter\Boot::bootWeb(Object(Config\Paths))
CRITICAL - 2025-03-03 01:51:43 --> ErrorException: Trying to access array offset on value of type null
[Method: GET, Route: editarroles/favicon.ico]
in APPPATH\Views\admin\roles\edit.php on line 50.
 1 APPPATH\Views\admin\roles\edit.php(50): CodeIgniter\Debug\Exceptions->errorHandler(2, 'Trying to access array offset on value of type null', 'C:\\xampp\\htdocs\\bibliotecadigital\\app\\Views\\admin\\roles\\edit.php', 50)
 2 SYSTEMPATH\View\View.php(234): include('C:\\xampp\\htdocs\\bibliotecadigital\\app\\Views\\admin\\roles\\edit.php')
 3 SYSTEMPATH\View\View.php(237): CodeIgniter\View\View->CodeIgniter\View\{closure}()
 4 SYSTEMPATH\Common.php(1169): CodeIgniter\View\View->render('admin/roles/edit', [], true)
 5 APPPATH\Controllers\Roles.php(45): view('admin/roles/edit', [...])
 6 SYSTEMPATH\CodeIgniter.php(933): App\Controllers\Roles->edit('favicon.ico')
 7 SYSTEMPATH\CodeIgniter.php(509): CodeIgniter\CodeIgniter->runController(Object(App\Controllers\Roles))
 8 SYSTEMPATH\CodeIgniter.php(355): CodeIgniter\CodeIgniter->handleRequest(null, Object(Config\Cache), false)
 9 SYSTEMPATH\Boot.php(325): CodeIgniter\CodeIgniter->run()
10 SYSTEMPATH\Boot.php(67): CodeIgniter\Boot::runCodeIgniter(Object(CodeIgniter\CodeIgniter))
11 FCPATH\index.php(56): CodeIgniter\Boot::bootWeb(Object(Config\Paths))
CRITICAL - 2025-03-03 01:51:53 --> ErrorException: Undefined property: CodeIgniter\HTTP\IncomingRequest::$getPost
[Method: POST, Route: guardaredicion]
in APPPATH\Controllers\Roles.php on line 50.
 1 APPPATH\Controllers\Roles.php(50): CodeIgniter\Debug\Exceptions->errorHandler(2, 'Undefined property: CodeIgniter\\HTTP\\IncomingRequest::$getPost', 'C:\\xampp\\htdocs\\bibliotecadigital\\app\\Controllers\\Roles.php', 50)
 2 SYSTEMPATH\CodeIgniter.php(933): App\Controllers\Roles->saveedit()
 3 SYSTEMPATH\CodeIgniter.php(509): CodeIgniter\CodeIgniter->runController(Object(App\Controllers\Roles))
 4 SYSTEMPATH\CodeIgniter.php(355): CodeIgniter\CodeIgniter->handleRequest(null, Object(Config\Cache), false)
 5 SYSTEMPATH\Boot.php(325): CodeIgniter\CodeIgniter->run()
 6 SYSTEMPATH\Boot.php(67): CodeIgniter\Boot::runCodeIgniter(Object(CodeIgniter\CodeIgniter))
 7 FCPATH\index.php(56): CodeIgniter\Boot::bootWeb(Object(Config\Paths))
CRITICAL - 2025-03-03 01:52:55 --> ErrorException: Undefined property: CodeIgniter\HTTP\IncomingRequest::$getPost
[Method: POST, Route: guardaredicion]
in APPPATH\Controllers\Roles.php on line 50.
 1 APPPATH\Controllers\Roles.php(50): CodeIgniter\Debug\Exceptions->errorHandler(2, 'Undefined property: CodeIgniter\\HTTP\\IncomingRequest::$getPost', 'C:\\xampp\\htdocs\\bibliotecadigital\\app\\Controllers\\Roles.php', 50)
 2 SYSTEMPATH\CodeIgniter.php(933): App\Controllers\Roles->saveedit()
 3 SYSTEMPATH\CodeIgniter.php(509): CodeIgniter\CodeIgniter->runController(Object(App\Controllers\Roles))
 4 SYSTEMPATH\CodeIgniter.php(355): CodeIgniter\CodeIgniter->handleRequest(null, Object(Config\Cache), false)
 5 SYSTEMPATH\Boot.php(325): CodeIgniter\CodeIgniter->run()
 6 SYSTEMPATH\Boot.php(67): CodeIgniter\Boot::runCodeIgniter(Object(CodeIgniter\CodeIgniter))
 7 FCPATH\index.php(56): CodeIgniter\Boot::bootWeb(Object(Config\Paths))
CRITICAL - 2025-03-03 01:55:05 --> ErrorException: Trying to access array offset on value of type null
[Method: GET, Route: editarroles/favicon.ico]
in APPPATH\Views\admin\roles\edit.php on line 50.
 1 APPPATH\Views\admin\roles\edit.php(50): CodeIgniter\Debug\Exceptions->errorHandler(2, 'Trying to access array offset on value of type null', 'C:\\xampp\\htdocs\\bibliotecadigital\\app\\Views\\admin\\roles\\edit.php', 50)
 2 SYSTEMPATH\View\View.php(234): include('C:\\xampp\\htdocs\\bibliotecadigital\\app\\Views\\admin\\roles\\edit.php')
 3 SYSTEMPATH\View\View.php(237): CodeIgniter\View\View->CodeIgniter\View\{closure}()
 4 SYSTEMPATH\Common.php(1169): CodeIgniter\View\View->render('admin/roles/edit', [], true)
 5 APPPATH\Controllers\Roles.php(45): view('admin/roles/edit', [...])
 6 SYSTEMPATH\CodeIgniter.php(933): App\Controllers\Roles->edit('favicon.ico')
 7 SYSTEMPATH\CodeIgniter.php(509): CodeIgniter\CodeIgniter->runController(Object(App\Controllers\Roles))
 8 SYSTEMPATH\CodeIgniter.php(355): CodeIgniter\CodeIgniter->handleRequest(null, Object(Config\Cache), false)
 9 SYSTEMPATH\Boot.php(325): CodeIgniter\CodeIgniter->run()
10 SYSTEMPATH\Boot.php(67): CodeIgniter\Boot::runCodeIgniter(Object(CodeIgniter\CodeIgniter))
11 FCPATH\index.php(56): CodeIgniter\Boot::bootWeb(Object(Config\Paths))
CRITICAL - 2025-03-03 01:55:13 --> ErrorException: Undefined property: CodeIgniter\HTTP\IncomingRequest::$getPost
[Method: POST, Route: guardaredicion]
in APPPATH\Controllers\Roles.php on line 50.
 1 APPPATH\Controllers\Roles.php(50): CodeIgniter\Debug\Exceptions->errorHandler(2, 'Undefined property: CodeIgniter\\HTTP\\IncomingRequest::$getPost', 'C:\\xampp\\htdocs\\bibliotecadigital\\app\\Controllers\\Roles.php', 50)
 2 SYSTEMPATH\CodeIgniter.php(933): App\Controllers\Roles->saveedit()
 3 SYSTEMPATH\CodeIgniter.php(509): CodeIgniter\CodeIgniter->runController(Object(App\Controllers\Roles))
 4 SYSTEMPATH\CodeIgniter.php(355): CodeIgniter\CodeIgniter->handleRequest(null, Object(Config\Cache), false)
 5 SYSTEMPATH\Boot.php(325): CodeIgniter\CodeIgniter->run()
 6 SYSTEMPATH\Boot.php(67): CodeIgniter\Boot::runCodeIgniter(Object(CodeIgniter\CodeIgniter))
 7 FCPATH\index.php(56): CodeIgniter\Boot::bootWeb(Object(Config\Paths))
CRITICAL - 2025-03-03 02:00:41 --> ParseError: Unclosed '{' on line 9
[Method: GET, Route: eliminar/10]
in APPPATH\Controllers\Roles.php on line 94.
 1 SYSTEMPATH\Autoloader\Autoloader.php(296): CodeIgniter\Autoloader\Autoloader->includeFile('C:\\xampp\\htdocs\\bibliotecadigital\\app\\Controllers\\Roles.php')
 2 SYSTEMPATH\Autoloader\Autoloader.php(272): CodeIgniter\Autoloader\Autoloader->loadInNamespace('App\\Controllers\\Roles')
 3 [internal function]: CodeIgniter\Autoloader\Autoloader->loadClass('App\\Controllers\\Roles')
 4 SYSTEMPATH\CodeIgniter.php(887): class_exists('\\App\\Controllers\\Roles', true)
 5 SYSTEMPATH\CodeIgniter.php(496): CodeIgniter\CodeIgniter->startController()
 6 SYSTEMPATH\CodeIgniter.php(355): CodeIgniter\CodeIgniter->handleRequest(null, Object(Config\Cache), false)
 7 SYSTEMPATH\Boot.php(325): CodeIgniter\CodeIgniter->run()
 8 SYSTEMPATH\Boot.php(67): CodeIgniter\Boot::runCodeIgniter(Object(CodeIgniter\CodeIgniter))
 9 FCPATH\index.php(56): CodeIgniter\Boot::bootWeb(Object(Config\Paths))
CRITICAL - 2025-03-03 02:05:53 --> ErrorException: Trying to access array offset on value of type null
[Method: GET, Route: editarroles/favicon.ico]
in APPPATH\Views\admin\roles\edit.php on line 50.
 1 APPPATH\Views\admin\roles\edit.php(50): CodeIgniter\Debug\Exceptions->errorHandler(2, 'Trying to access array offset on value of type null', 'C:\\xampp\\htdocs\\bibliotecadigital\\app\\Views\\admin\\roles\\edit.php', 50)
 2 SYSTEMPATH\View\View.php(234): include('C:\\xampp\\htdocs\\bibliotecadigital\\app\\Views\\admin\\roles\\edit.php')
 3 SYSTEMPATH\View\View.php(237): CodeIgniter\View\View->CodeIgniter\View\{closure}()
 4 SYSTEMPATH\Common.php(1169): CodeIgniter\View\View->render('admin/roles/edit', [], true)
 5 APPPATH\Controllers\Roles.php(45): view('admin/roles/edit', [...])
 6 SYSTEMPATH\CodeIgniter.php(933): App\Controllers\Roles->edit('favicon.ico')
 7 SYSTEMPATH\CodeIgniter.php(509): CodeIgniter\CodeIgniter->runController(Object(App\Controllers\Roles))
 8 SYSTEMPATH\CodeIgniter.php(355): CodeIgniter\CodeIgniter->handleRequest(null, Object(Config\Cache), false)
 9 SYSTEMPATH\Boot.php(325): CodeIgniter\CodeIgniter->run()
10 SYSTEMPATH\Boot.php(67): CodeIgniter\Boot::runCodeIgniter(Object(CodeIgniter\CodeIgniter))
11 FCPATH\index.php(56): CodeIgniter\Boot::bootWeb(Object(Config\Paths))
CRITICAL - 2025-03-03 02:15:58 --> ErrorException: Trying to access array offset on value of type null
[Method: GET, Route: editarroles/favicon.ico]
in APPPATH\Views\admin\roles\edit.php on line 50.
 1 APPPATH\Views\admin\roles\edit.php(50): CodeIgniter\Debug\Exceptions->errorHandler(2, 'Trying to access array offset on value of type null', 'C:\\xampp\\htdocs\\bibliotecadigital\\app\\Views\\admin\\roles\\edit.php', 50)
 2 SYSTEMPATH\View\View.php(234): include('C:\\xampp\\htdocs\\bibliotecadigital\\app\\Views\\admin\\roles\\edit.php')
 3 SYSTEMPATH\View\View.php(237): CodeIgniter\View\View->CodeIgniter\View\{closure}()
 4 SYSTEMPATH\Common.php(1169): CodeIgniter\View\View->render('admin/roles/edit', [], true)
 5 APPPATH\Controllers\Roles.php(45): view('admin/roles/edit', [...])
 6 SYSTEMPATH\CodeIgniter.php(933): App\Controllers\Roles->edit('favicon.ico')
 7 SYSTEMPATH\CodeIgniter.php(509): CodeIgniter\CodeIgniter->runController(Object(App\Controllers\Roles))
 8 SYSTEMPATH\CodeIgniter.php(355): CodeIgniter\CodeIgniter->handleRequest(null, Object(Config\Cache), false)
 9 SYSTEMPATH\Boot.php(325): CodeIgniter\CodeIgniter->run()
10 SYSTEMPATH\Boot.php(67): CodeIgniter\Boot::runCodeIgniter(Object(CodeIgniter\CodeIgniter))
11 FCPATH\index.php(56): CodeIgniter\Boot::bootWeb(Object(Config\Paths))
CRITICAL - 2025-03-03 02:23:10 --> ErrorException: Trying to access array offset on value of type null
[Method: GET, Route: editarroles/favicon.ico]
in APPPATH\Views\admin\roles\edit.php on line 50.
 1 APPPATH\Views\admin\roles\edit.php(50): CodeIgniter\Debug\Exceptions->errorHandler(2, 'Trying to access array offset on value of type null', 'C:\\xampp\\htdocs\\bibliotecadigital\\app\\Views\\admin\\roles\\edit.php', 50)
 2 SYSTEMPATH\View\View.php(234): include('C:\\xampp\\htdocs\\bibliotecadigital\\app\\Views\\admin\\roles\\edit.php')
 3 SYSTEMPATH\View\View.php(237): CodeIgniter\View\View->CodeIgniter\View\{closure}()
 4 SYSTEMPATH\Common.php(1169): CodeIgniter\View\View->render('admin/roles/edit', [], true)
 5 APPPATH\Controllers\Roles.php(45): view('admin/roles/edit', [...])
 6 SYSTEMPATH\CodeIgniter.php(933): App\Controllers\Roles->edit('favicon.ico')
 7 SYSTEMPATH\CodeIgniter.php(509): CodeIgniter\CodeIgniter->runController(Object(App\Controllers\Roles))
 8 SYSTEMPATH\CodeIgniter.php(355): CodeIgniter\CodeIgniter->handleRequest(null, Object(Config\Cache), false)
 9 SYSTEMPATH\Boot.php(325): CodeIgniter\CodeIgniter->run()
10 SYSTEMPATH\Boot.php(67): CodeIgniter\Boot::runCodeIgniter(Object(CodeIgniter\CodeIgniter))
11 FCPATH\index.php(56): CodeIgniter\Boot::bootWeb(Object(Config\Paths))
CRITICAL - 2025-03-03 02:23:24 --> ErrorException: Trying to access array offset on value of type null
[Method: GET, Route: editarroles/favicon.ico]
in APPPATH\Views\admin\roles\edit.php on line 50.
 1 APPPATH\Views\admin\roles\edit.php(50): CodeIgniter\Debug\Exceptions->errorHandler(2, 'Trying to access array offset on value of type null', 'C:\\xampp\\htdocs\\bibliotecadigital\\app\\Views\\admin\\roles\\edit.php', 50)
 2 SYSTEMPATH\View\View.php(234): include('C:\\xampp\\htdocs\\bibliotecadigital\\app\\Views\\admin\\roles\\edit.php')
 3 SYSTEMPATH\View\View.php(237): CodeIgniter\View\View->CodeIgniter\View\{closure}()
 4 SYSTEMPATH\Common.php(1169): CodeIgniter\View\View->render('admin/roles/edit', [], true)
 5 APPPATH\Controllers\Roles.php(45): view('admin/roles/edit', [...])
 6 SYSTEMPATH\CodeIgniter.php(933): App\Controllers\Roles->edit('favicon.ico')
 7 SYSTEMPATH\CodeIgniter.php(509): CodeIgniter\CodeIgniter->runController(Object(App\Controllers\Roles))
 8 SYSTEMPATH\CodeIgniter.php(355): CodeIgniter\CodeIgniter->handleRequest(null, Object(Config\Cache), false)
 9 SYSTEMPATH\Boot.php(325): CodeIgniter\CodeIgniter->run()
10 SYSTEMPATH\Boot.php(67): CodeIgniter\Boot::runCodeIgniter(Object(CodeIgniter\CodeIgniter))
11 FCPATH\index.php(56): CodeIgniter\Boot::bootWeb(Object(Config\Paths))
ERROR - 2025-03-03 02:50:41 --> mysqli_sql_exception: Unknown column 'libros.idusuario' in 'on clause' in C:\xampp\htdocs\bibliotecadigital\system\Database\MySQLi\Connection.php:312
Stack trace:
#0 C:\xampp\htdocs\bibliotecadigital\system\Database\MySQLi\Connection.php(312): mysqli->query('SELECT `usuario...', 0)
#1 C:\xampp\htdocs\bibliotecadigital\system\Database\BaseConnection.php(734): CodeIgniter\Database\MySQLi\Connection->execute('SELECT `usuario...')
#2 C:\xampp\htdocs\bibliotecadigital\system\Database\BaseConnection.php(648): CodeIgniter\Database\BaseConnection->simpleQuery('SELECT `usuario...')
#3 C:\xampp\htdocs\bibliotecadigital\system\Database\BaseBuilder.php(1644): CodeIgniter\Database\BaseConnection->query('SELECT `usuario...', Array, false)
#4 C:\xampp\htdocs\bibliotecadigital\app\Models\UsuariosModel.php(55): CodeIgniter\Database\BaseBuilder->get()
#5 C:\xampp\htdocs\bibliotecadigital\app\Controllers\Usuarios.php(14): App\Models\UsuariosModel->getUsuariosConRol()
#6 C:\xampp\htdocs\bibliotecadigital\system\CodeIgniter.php(933): App\Controllers\Usuarios->index()
#7 C:\xampp\htdocs\bibliotecadigital\system\CodeIgniter.php(509): CodeIgniter\CodeIgniter->runController(Object(App\Controllers\Usuarios))
#8 C:\xampp\htdocs\bibliotecadigital\system\CodeIgniter.php(355): CodeIgniter\CodeIgniter->handleRequest(NULL, Object(Config\Cache), false)
#9 C:\xampp\htdocs\bibliotecadigital\system\Boot.php(325): CodeIgniter\CodeIgniter->run()
#10 C:\xampp\htdocs\bibliotecadigital\system\Boot.php(67): CodeIgniter\Boot::runCodeIgniter(Object(CodeIgniter\CodeIgniter))
#11 C:\xampp\htdocs\bibliotecadigital\public\index.php(56): CodeIgniter\Boot::bootWeb(Object(Config\Paths))
#12 {main}
CRITICAL - 2025-03-03 02:50:41 --> CodeIgniter\Database\Exceptions\DatabaseException: Unknown column 'libros.idusuario' in 'on clause'
[Method: GET, Route: usuarios]
in SYSTEMPATH\Database\BaseConnection.php on line 688.
 1 SYSTEMPATH\Database\BaseBuilder.php(1644): CodeIgniter\Database\BaseConnection->query('SELECT `usuarios`.*, `roles`.`nombrerol` AS `nombrerol`
FROM `usuarios`
JOIN `roles` ON `libros`.`idusuario` = `roles`.`idrol`', [], false)
 2 APPPATH\Models\UsuariosModel.php(55): CodeIgniter\Database\BaseBuilder->get()
 3 APPPATH\Controllers\Usuarios.php(14): App\Models\UsuariosModel->getUsuariosConRol()
 4 SYSTEMPATH\CodeIgniter.php(933): App\Controllers\Usuarios->index()
 5 SYSTEMPATH\CodeIgniter.php(509): CodeIgniter\CodeIgniter->runController(Object(App\Controllers\Usuarios))
 6 SYSTEMPATH\CodeIgniter.php(355): CodeIgniter\CodeIgniter->handleRequest(null, Object(Config\Cache), false)
 7 SYSTEMPATH\Boot.php(325): CodeIgniter\CodeIgniter->run()
 8 SYSTEMPATH\Boot.php(67): CodeIgniter\Boot::runCodeIgniter(Object(CodeIgniter\CodeIgniter))
 9 FCPATH\index.php(56): CodeIgniter\Boot::bootWeb(Object(Config\Paths))
CRITICAL - 2025-03-03 02:50:41 --> [Caused by] CodeIgniter\Database\Exceptions\DatabaseException: Unknown column 'libros.idusuario' in 'on clause'
in SYSTEMPATH\Database\MySQLi\Connection.php on line 317.
 1 SYSTEMPATH\Database\BaseConnection.php(734): CodeIgniter\Database\MySQLi\Connection->execute('SELECT `usuarios`.*, `roles`.`nombrerol` AS `nombrerol`
FROM `usuarios`
JOIN `roles` ON `libros`.`idusuario` = `roles`.`idrol`')
 2 SYSTEMPATH\Database\BaseConnection.php(648): CodeIgniter\Database\BaseConnection->simpleQuery('SELECT `usuarios`.*, `roles`.`nombrerol` AS `nombrerol`
FROM `usuarios`
JOIN `roles` ON `libros`.`idusuario` = `roles`.`idrol`')
 3 SYSTEMPATH\Database\BaseBuilder.php(1644): CodeIgniter\Database\BaseConnection->query('SELECT `usuarios`.*, `roles`.`nombrerol` AS `nombrerol`
FROM `usuarios`
JOIN `roles` ON `libros`.`idusuario` = `roles`.`idrol`', [], false)
 4 APPPATH\Models\UsuariosModel.php(55): CodeIgniter\Database\BaseBuilder->get()
 5 APPPATH\Controllers\Usuarios.php(14): App\Models\UsuariosModel->getUsuariosConRol()
 6 SYSTEMPATH\CodeIgniter.php(933): App\Controllers\Usuarios->index()
 7 SYSTEMPATH\CodeIgniter.php(509): CodeIgniter\CodeIgniter->runController(Object(App\Controllers\Usuarios))
 8 SYSTEMPATH\CodeIgniter.php(355): CodeIgniter\CodeIgniter->handleRequest(null, Object(Config\Cache), false)
 9 SYSTEMPATH\Boot.php(325): CodeIgniter\CodeIgniter->run()
10 SYSTEMPATH\Boot.php(67): CodeIgniter\Boot::runCodeIgniter(Object(CodeIgniter\CodeIgniter))
11 FCPATH\index.php(56): CodeIgniter\Boot::bootWeb(Object(Config\Paths))
CRITICAL - 2025-03-03 02:50:41 --> [Caused by] mysqli_sql_exception: Unknown column 'libros.idusuario' in 'on clause'
in SYSTEMPATH\Database\MySQLi\Connection.php on line 312.
 1 SYSTEMPATH\Database\MySQLi\Connection.php(312): mysqli->query('SELECT `usuarios`.*, `roles`.`nombrerol` AS `nombrerol`
FROM `usuarios`
JOIN `roles` ON `libros`.`idusuario` = `roles`.`idrol`', 0)
 2 SYSTEMPATH\Database\BaseConnection.php(734): CodeIgniter\Database\MySQLi\Connection->execute('SELECT `usuarios`.*, `roles`.`nombrerol` AS `nombrerol`
FROM `usuarios`
JOIN `roles` ON `libros`.`idusuario` = `roles`.`idrol`')
 3 SYSTEMPATH\Database\BaseConnection.php(648): CodeIgniter\Database\BaseConnection->simpleQuery('SELECT `usuarios`.*, `roles`.`nombrerol` AS `nombrerol`
FROM `usuarios`
JOIN `roles` ON `libros`.`idusuario` = `roles`.`idrol`')
 4 SYSTEMPATH\Database\BaseBuilder.php(1644): CodeIgniter\Database\BaseConnection->query('SELECT `usuarios`.*, `roles`.`nombrerol` AS `nombrerol`
FROM `usuarios`
JOIN `roles` ON `libros`.`idusuario` = `roles`.`idrol`', [], false)
 5 APPPATH\Models\UsuariosModel.php(55): CodeIgniter\Database\BaseBuilder->get()
 6 APPPATH\Controllers\Usuarios.php(14): App\Models\UsuariosModel->getUsuariosConRol()
 7 SYSTEMPATH\CodeIgniter.php(933): App\Controllers\Usuarios->index()
 8 SYSTEMPATH\CodeIgniter.php(509): CodeIgniter\CodeIgniter->runController(Object(App\Controllers\Usuarios))
 9 SYSTEMPATH\CodeIgniter.php(355): CodeIgniter\CodeIgniter->handleRequest(null, Object(Config\Cache), false)
10 SYSTEMPATH\Boot.php(325): CodeIgniter\CodeIgniter->run()
11 SYSTEMPATH\Boot.php(67): CodeIgniter\Boot::runCodeIgniter(Object(CodeIgniter\CodeIgniter))
12 FCPATH\index.php(56): CodeIgniter\Boot::bootWeb(Object(Config\Paths))
CRITICAL - 2025-03-03 02:51:59 --> Error: Cannot use object of type stdClass as array
[Method: GET, Route: usuarios]
in APPPATH\Views\admin\usuarios\index.php on line 101.
 1 SYSTEMPATH\View\View.php(234): include()
 2 SYSTEMPATH\View\View.php(237): CodeIgniter\View\View->CodeIgniter\View\{closure}()
 3 SYSTEMPATH\Common.php(1169): CodeIgniter\View\View->render('admin/usuarios/index', [], true)
 4 APPPATH\Controllers\Usuarios.php(15): view('admin/usuarios/index', [...])
 5 SYSTEMPATH\CodeIgniter.php(933): App\Controllers\Usuarios->index()
 6 SYSTEMPATH\CodeIgniter.php(509): CodeIgniter\CodeIgniter->runController(Object(App\Controllers\Usuarios))
 7 SYSTEMPATH\CodeIgniter.php(355): CodeIgniter\CodeIgniter->handleRequest(null, Object(Config\Cache), false)
 8 SYSTEMPATH\Boot.php(325): CodeIgniter\CodeIgniter->run()
 9 SYSTEMPATH\Boot.php(67): CodeIgniter\Boot::runCodeIgniter(Object(CodeIgniter\CodeIgniter))
10 FCPATH\index.php(56): CodeIgniter\Boot::bootWeb(Object(Config\Paths))
CRITICAL - 2025-03-03 02:52:30 --> Error: Cannot use object of type stdClass as array
[Method: GET, Route: usuarios]
in APPPATH\Views\admin\usuarios\index.php on line 102.
 1 SYSTEMPATH\View\View.php(234): include()
 2 SYSTEMPATH\View\View.php(237): CodeIgniter\View\View->CodeIgniter\View\{closure}()
 3 SYSTEMPATH\Common.php(1169): CodeIgniter\View\View->render('admin/usuarios/index', [], true)
 4 APPPATH\Controllers\Usuarios.php(15): view('admin/usuarios/index', [...])
 5 SYSTEMPATH\CodeIgniter.php(933): App\Controllers\Usuarios->index()
 6 SYSTEMPATH\CodeIgniter.php(509): CodeIgniter\CodeIgniter->runController(Object(App\Controllers\Usuarios))
 7 SYSTEMPATH\CodeIgniter.php(355): CodeIgniter\CodeIgniter->handleRequest(null, Object(Config\Cache), false)
 8 SYSTEMPATH\Boot.php(325): CodeIgniter\CodeIgniter->run()
 9 SYSTEMPATH\Boot.php(67): CodeIgniter\Boot::runCodeIgniter(Object(CodeIgniter\CodeIgniter))
10 FCPATH\index.php(56): CodeIgniter\Boot::bootWeb(Object(Config\Paths))
CRITICAL - 2025-03-03 02:58:56 --> ErrorException: Trying to access array offset on value of type null
[Method: GET, Route: editarroles/favicon.ico]
in APPPATH\Views\admin\roles\edit.php on line 50.
 1 APPPATH\Views\admin\roles\edit.php(50): CodeIgniter\Debug\Exceptions->errorHandler(2, 'Trying to access array offset on value of type null', 'C:\\xampp\\htdocs\\bibliotecadigital\\app\\Views\\admin\\roles\\edit.php', 50)
 2 SYSTEMPATH\View\View.php(234): include('C:\\xampp\\htdocs\\bibliotecadigital\\app\\Views\\admin\\roles\\edit.php')
 3 SYSTEMPATH\View\View.php(237): CodeIgniter\View\View->CodeIgniter\View\{closure}()
 4 SYSTEMPATH\Common.php(1169): CodeIgniter\View\View->render('admin/roles/edit', [], true)
 5 APPPATH\Controllers\Roles.php(45): view('admin/roles/edit', [...])
 6 SYSTEMPATH\CodeIgniter.php(933): App\Controllers\Roles->edit('favicon.ico')
 7 SYSTEMPATH\CodeIgniter.php(509): CodeIgniter\CodeIgniter->runController(Object(App\Controllers\Roles))
 8 SYSTEMPATH\CodeIgniter.php(355): CodeIgniter\CodeIgniter->handleRequest(null, Object(Config\Cache), false)
 9 SYSTEMPATH\Boot.php(325): CodeIgniter\CodeIgniter->run()
10 SYSTEMPATH\Boot.php(67): CodeIgniter\Boot::runCodeIgniter(Object(CodeIgniter\CodeIgniter))
11 FCPATH\index.php(56): CodeIgniter\Boot::bootWeb(Object(Config\Paths))
CRITICAL - 2025-03-03 02:59:20 --> ErrorException: Trying to access array offset on value of type null
[Method: GET, Route: editarroles/favicon.ico]
in APPPATH\Views\admin\roles\edit.php on line 50.
 1 APPPATH\Views\admin\roles\edit.php(50): CodeIgniter\Debug\Exceptions->errorHandler(2, 'Trying to access array offset on value of type null', 'C:\\xampp\\htdocs\\bibliotecadigital\\app\\Views\\admin\\roles\\edit.php', 50)
 2 SYSTEMPATH\View\View.php(234): include('C:\\xampp\\htdocs\\bibliotecadigital\\app\\Views\\admin\\roles\\edit.php')
 3 SYSTEMPATH\View\View.php(237): CodeIgniter\View\View->CodeIgniter\View\{closure}()
 4 SYSTEMPATH\Common.php(1169): CodeIgniter\View\View->render('admin/roles/edit', [], true)
 5 APPPATH\Controllers\Roles.php(45): view('admin/roles/edit', [...])
 6 SYSTEMPATH\CodeIgniter.php(933): App\Controllers\Roles->edit('favicon.ico')
 7 SYSTEMPATH\CodeIgniter.php(509): CodeIgniter\CodeIgniter->runController(Object(App\Controllers\Roles))
 8 SYSTEMPATH\CodeIgniter.php(355): CodeIgniter\CodeIgniter->handleRequest(null, Object(Config\Cache), false)
 9 SYSTEMPATH\Boot.php(325): CodeIgniter\CodeIgniter->run()
10 SYSTEMPATH\Boot.php(67): CodeIgniter\Boot::runCodeIgniter(Object(CodeIgniter\CodeIgniter))
11 FCPATH\index.php(56): CodeIgniter\Boot::bootWeb(Object(Config\Paths))
CRITICAL - 2025-03-03 03:02:27 --> ErrorException: Trying to access array offset on value of type null
[Method: GET, Route: editarroles/favicon.ico]
in APPPATH\Views\admin\roles\edit.php on line 50.
 1 APPPATH\Views\admin\roles\edit.php(50): CodeIgniter\Debug\Exceptions->errorHandler(2, 'Trying to access array offset on value of type null', 'C:\\xampp\\htdocs\\bibliotecadigital\\app\\Views\\admin\\roles\\edit.php', 50)
 2 SYSTEMPATH\View\View.php(234): include('C:\\xampp\\htdocs\\bibliotecadigital\\app\\Views\\admin\\roles\\edit.php')
 3 SYSTEMPATH\View\View.php(237): CodeIgniter\View\View->CodeIgniter\View\{closure}()
 4 SYSTEMPATH\Common.php(1169): CodeIgniter\View\View->render('admin/roles/edit', [], true)
 5 APPPATH\Controllers\Roles.php(45): view('admin/roles/edit', [...])
 6 SYSTEMPATH\CodeIgniter.php(933): App\Controllers\Roles->edit('favicon.ico')
 7 SYSTEMPATH\CodeIgniter.php(509): CodeIgniter\CodeIgniter->runController(Object(App\Controllers\Roles))
 8 SYSTEMPATH\CodeIgniter.php(355): CodeIgniter\CodeIgniter->handleRequest(null, Object(Config\Cache), false)
 9 SYSTEMPATH\Boot.php(325): CodeIgniter\CodeIgniter->run()
10 SYSTEMPATH\Boot.php(67): CodeIgniter\Boot::runCodeIgniter(Object(CodeIgniter\CodeIgniter))
11 FCPATH\index.php(56): CodeIgniter\Boot::bootWeb(Object(Config\Paths))
CRITICAL - 2025-03-03 03:13:24 --> CodeIgniter\View\Exceptions\ViewException: Invalid file: "admin/usuarios/indexedit.php"
[Method: GET, Route: editarusuarios/1]
in SYSTEMPATH\Exceptions\FrameworkException.php on line 41.
 1 SYSTEMPATH\View\View.php(222): CodeIgniter\Exceptions\FrameworkException::forInvalidFile('admin/usuarios/indexedit.php')
 2 SYSTEMPATH\Common.php(1169): CodeIgniter\View\View->render('admin/usuarios/indexedit', [], true)
 3 APPPATH\Controllers\Usuarios.php(57): view('admin/usuarios/indexedit', [...])
 4 SYSTEMPATH\CodeIgniter.php(933): App\Controllers\Usuarios->edit('1')
 5 SYSTEMPATH\CodeIgniter.php(509): CodeIgniter\CodeIgniter->runController(Object(App\Controllers\Usuarios))
 6 SYSTEMPATH\CodeIgniter.php(355): CodeIgniter\CodeIgniter->handleRequest(null, Object(Config\Cache), false)
 7 SYSTEMPATH\Boot.php(325): CodeIgniter\CodeIgniter->run()
 8 SYSTEMPATH\Boot.php(67): CodeIgniter\Boot::runCodeIgniter(Object(CodeIgniter\CodeIgniter))
 9 FCPATH\index.php(56): CodeIgniter\Boot::bootWeb(Object(Config\Paths))
CRITICAL - 2025-03-03 03:14:01 --> ErrorException: Attempt to read property "nombreusuario" on array
[Method: GET, Route: editarusuarios/1]
in APPPATH\Views\admin\usuarios\edit.php on line 59.
 1 APPPATH\Views\admin\usuarios\edit.php(59): CodeIgniter\Debug\Exceptions->errorHandler(2, 'Attempt to read property "nombreusuario" on array', 'C:\\xampp\\htdocs\\bibliotecadigital\\app\\Views\\admin\\usuarios\\edit.php', 59)
 2 SYSTEMPATH\View\View.php(234): include('C:\\xampp\\htdocs\\bibliotecadigital\\app\\Views\\admin\\usuarios\\edit.php')
 3 SYSTEMPATH\View\View.php(237): CodeIgniter\View\View->CodeIgniter\View\{closure}()
 4 SYSTEMPATH\Common.php(1169): CodeIgniter\View\View->render('admin/usuarios/edit', [], true)
 5 APPPATH\Controllers\Usuarios.php(57): view('admin/usuarios/edit', [...])
 6 SYSTEMPATH\CodeIgniter.php(933): App\Controllers\Usuarios->edit('1')
 7 SYSTEMPATH\CodeIgniter.php(509): CodeIgniter\CodeIgniter->runController(Object(App\Controllers\Usuarios))
 8 SYSTEMPATH\CodeIgniter.php(355): CodeIgniter\CodeIgniter->handleRequest(null, Object(Config\Cache), false)
 9 SYSTEMPATH\Boot.php(325): CodeIgniter\CodeIgniter->run()
10 SYSTEMPATH\Boot.php(67): CodeIgniter\Boot::runCodeIgniter(Object(CodeIgniter\CodeIgniter))
11 FCPATH\index.php(56): CodeIgniter\Boot::bootWeb(Object(Config\Paths))
CRITICAL - 2025-03-03 03:14:41 --> ErrorException: Undefined array key "nombreusuario"
[Method: GET, Route: editarusuarios/1]
in APPPATH\Views\admin\usuarios\edit.php on line 59.
 1 APPPATH\Views\admin\usuarios\edit.php(59): CodeIgniter\Debug\Exceptions->errorHandler(2, 'Undefined array key "nombreusuario"', 'C:\\xampp\\htdocs\\bibliotecadigital\\app\\Views\\admin\\usuarios\\edit.php', 59)
 2 SYSTEMPATH\View\View.php(234): include('C:\\xampp\\htdocs\\bibliotecadigital\\app\\Views\\admin\\usuarios\\edit.php')
 3 SYSTEMPATH\View\View.php(237): CodeIgniter\View\View->CodeIgniter\View\{closure}()
 4 SYSTEMPATH\Common.php(1169): CodeIgniter\View\View->render('admin/usuarios/edit', [], true)
 5 APPPATH\Controllers\Usuarios.php(57): view('admin/usuarios/edit', [...])
 6 SYSTEMPATH\CodeIgniter.php(933): App\Controllers\Usuarios->edit('1')
 7 SYSTEMPATH\CodeIgniter.php(509): CodeIgniter\CodeIgniter->runController(Object(App\Controllers\Usuarios))
 8 SYSTEMPATH\CodeIgniter.php(355): CodeIgniter\CodeIgniter->handleRequest(null, Object(Config\Cache), false)
 9 SYSTEMPATH\Boot.php(325): CodeIgniter\CodeIgniter->run()
10 SYSTEMPATH\Boot.php(67): CodeIgniter\Boot::runCodeIgniter(Object(CodeIgniter\CodeIgniter))
11 FCPATH\index.php(56): CodeIgniter\Boot::bootWeb(Object(Config\Paths))
CRITICAL - 2025-03-03 03:16:38 --> ErrorException: Undefined array key "nombreusuario"
[Method: GET, Route: editarusuarios/1]
in APPPATH\Views\admin\usuarios\edit.php on line 59.
 1 APPPATH\Views\admin\usuarios\edit.php(59): CodeIgniter\Debug\Exceptions->errorHandler(2, 'Undefined array key "nombreusuario"', 'C:\\xampp\\htdocs\\bibliotecadigital\\app\\Views\\admin\\usuarios\\edit.php', 59)
 2 SYSTEMPATH\View\View.php(234): include('C:\\xampp\\htdocs\\bibliotecadigital\\app\\Views\\admin\\usuarios\\edit.php')
 3 SYSTEMPATH\View\View.php(237): CodeIgniter\View\View->CodeIgniter\View\{closure}()
 4 SYSTEMPATH\Common.php(1169): CodeIgniter\View\View->render('admin/usuarios/edit', [], true)
 5 APPPATH\Controllers\Usuarios.php(57): view('admin/usuarios/edit', [...])
 6 SYSTEMPATH\CodeIgniter.php(933): App\Controllers\Usuarios->edit('1')
 7 SYSTEMPATH\CodeIgniter.php(509): CodeIgniter\CodeIgniter->runController(Object(App\Controllers\Usuarios))
 8 SYSTEMPATH\CodeIgniter.php(355): CodeIgniter\CodeIgniter->handleRequest(null, Object(Config\Cache), false)
 9 SYSTEMPATH\Boot.php(325): CodeIgniter\CodeIgniter->run()
10 SYSTEMPATH\Boot.php(67): CodeIgniter\Boot::runCodeIgniter(Object(CodeIgniter\CodeIgniter))
11 FCPATH\index.php(56): CodeIgniter\Boot::bootWeb(Object(Config\Paths))
CRITICAL - 2025-03-03 03:20:09 --> ErrorException: Undefined array key "nombreusuario"
[Method: GET, Route: editarusuarios/1]
in APPPATH\Views\admin\usuarios\edit.php on line 59.
 1 APPPATH\Views\admin\usuarios\edit.php(59): CodeIgniter\Debug\Exceptions->errorHandler(2, 'Undefined array key "nombreusuario"', 'C:\\xampp\\htdocs\\bibliotecadigital\\app\\Views\\admin\\usuarios\\edit.php', 59)
 2 SYSTEMPATH\View\View.php(234): include('C:\\xampp\\htdocs\\bibliotecadigital\\app\\Views\\admin\\usuarios\\edit.php')
 3 SYSTEMPATH\View\View.php(237): CodeIgniter\View\View->CodeIgniter\View\{closure}()
 4 SYSTEMPATH\Common.php(1169): CodeIgniter\View\View->render('admin/usuarios/edit', [], true)
 5 APPPATH\Controllers\Usuarios.php(59): view('admin/usuarios/edit', [...])
 6 SYSTEMPATH\CodeIgniter.php(933): App\Controllers\Usuarios->edit('1')
 7 SYSTEMPATH\CodeIgniter.php(509): CodeIgniter\CodeIgniter->runController(Object(App\Controllers\Usuarios))
 8 SYSTEMPATH\CodeIgniter.php(355): CodeIgniter\CodeIgniter->handleRequest(null, Object(Config\Cache), false)
 9 SYSTEMPATH\Boot.php(325): CodeIgniter\CodeIgniter->run()
10 SYSTEMPATH\Boot.php(67): CodeIgniter\Boot::runCodeIgniter(Object(CodeIgniter\CodeIgniter))
11 FCPATH\index.php(56): CodeIgniter\Boot::bootWeb(Object(Config\Paths))
CRITICAL - 2025-03-03 03:21:09 --> ErrorException: Attempt to read property "nombreusuario" on array
[Method: GET, Route: editarusuarios/1]
in APPPATH\Views\admin\usuarios\edit.php on line 59.
 1 APPPATH\Views\admin\usuarios\edit.php(59): CodeIgniter\Debug\Exceptions->errorHandler(2, 'Attempt to read property "nombreusuario" on array', 'C:\\xampp\\htdocs\\bibliotecadigital\\app\\Views\\admin\\usuarios\\edit.php', 59)
 2 SYSTEMPATH\View\View.php(234): include('C:\\xampp\\htdocs\\bibliotecadigital\\app\\Views\\admin\\usuarios\\edit.php')
 3 SYSTEMPATH\View\View.php(237): CodeIgniter\View\View->CodeIgniter\View\{closure}()
 4 SYSTEMPATH\Common.php(1169): CodeIgniter\View\View->render('admin/usuarios/edit', [], true)
 5 APPPATH\Controllers\Usuarios.php(59): view('admin/usuarios/edit', [...])
 6 SYSTEMPATH\CodeIgniter.php(933): App\Controllers\Usuarios->edit('1')
 7 SYSTEMPATH\CodeIgniter.php(509): CodeIgniter\CodeIgniter->runController(Object(App\Controllers\Usuarios))
 8 SYSTEMPATH\CodeIgniter.php(355): CodeIgniter\CodeIgniter->handleRequest(null, Object(Config\Cache), false)
 9 SYSTEMPATH\Boot.php(325): CodeIgniter\CodeIgniter->run()
10 SYSTEMPATH\Boot.php(67): CodeIgniter\Boot::runCodeIgniter(Object(CodeIgniter\CodeIgniter))
11 FCPATH\index.php(56): CodeIgniter\Boot::bootWeb(Object(Config\Paths))
CRITICAL - 2025-03-03 03:25:53 --> ErrorException: Undefined variable $roles
[Method: GET, Route: editarusuarios/1]
in APPPATH\Views\admin\usuarios\edit.php on line 96.
 1 APPPATH\Views\admin\usuarios\edit.php(96): CodeIgniter\Debug\Exceptions->errorHandler(2, 'Undefined variable $roles', 'C:\\xampp\\htdocs\\bibliotecadigital\\app\\Views\\admin\\usuarios\\edit.php', 96)
 2 SYSTEMPATH\View\View.php(234): include('C:\\xampp\\htdocs\\bibliotecadigital\\app\\Views\\admin\\usuarios\\edit.php')
 3 SYSTEMPATH\View\View.php(237): CodeIgniter\View\View->CodeIgniter\View\{closure}()
 4 SYSTEMPATH\Common.php(1169): CodeIgniter\View\View->render('admin/usuarios/edit', [], true)
 5 APPPATH\Controllers\Usuarios.php(59): view('admin/usuarios/edit', [...])
 6 SYSTEMPATH\CodeIgniter.php(933): App\Controllers\Usuarios->edit('1')
 7 SYSTEMPATH\CodeIgniter.php(509): CodeIgniter\CodeIgniter->runController(Object(App\Controllers\Usuarios))
 8 SYSTEMPATH\CodeIgniter.php(355): CodeIgniter\CodeIgniter->handleRequest(null, Object(Config\Cache), false)
 9 SYSTEMPATH\Boot.php(325): CodeIgniter\CodeIgniter->run()
10 SYSTEMPATH\Boot.php(67): CodeIgniter\Boot::runCodeIgniter(Object(CodeIgniter\CodeIgniter))
11 FCPATH\index.php(56): CodeIgniter\Boot::bootWeb(Object(Config\Paths))
CRITICAL - 2025-03-03 03:26:50 --> ErrorException: Attempt to read property "nombreusuario" on null
[Method: GET, Route: editarusuarios/favicon.ico]
in APPPATH\Views\admin\usuarios\edit.php on line 59.
 1 APPPATH\Views\admin\usuarios\edit.php(59): CodeIgniter\Debug\Exceptions->errorHandler(2, 'Attempt to read property "nombreusuario" on null', 'C:\\xampp\\htdocs\\bibliotecadigital\\app\\Views\\admin\\usuarios\\edit.php', 59)
 2 SYSTEMPATH\View\View.php(234): include('C:\\xampp\\htdocs\\bibliotecadigital\\app\\Views\\admin\\usuarios\\edit.php')
 3 SYSTEMPATH\View\View.php(237): CodeIgniter\View\View->CodeIgniter\View\{closure}()
 4 SYSTEMPATH\Common.php(1169): CodeIgniter\View\View->render('admin/usuarios/edit', [], true)
 5 APPPATH\Controllers\Usuarios.php(59): view('admin/usuarios/edit', [...])
 6 SYSTEMPATH\CodeIgniter.php(933): App\Controllers\Usuarios->edit('favicon.ico')
 7 SYSTEMPATH\CodeIgniter.php(509): CodeIgniter\CodeIgniter->runController(Object(App\Controllers\Usuarios))
 8 SYSTEMPATH\CodeIgniter.php(355): CodeIgniter\CodeIgniter->handleRequest(null, Object(Config\Cache), false)
 9 SYSTEMPATH\Boot.php(325): CodeIgniter\CodeIgniter->run()
10 SYSTEMPATH\Boot.php(67): CodeIgniter\Boot::runCodeIgniter(Object(CodeIgniter\CodeIgniter))
11 FCPATH\index.php(56): CodeIgniter\Boot::bootWeb(Object(Config\Paths))
CRITICAL - 2025-03-03 03:27:29 --> ErrorException: Attempt to read property "nombreusuario" on null
[Method: GET, Route: editarusuarios/favicon.ico]
in APPPATH\Views\admin\usuarios\edit.php on line 59.
 1 APPPATH\Views\admin\usuarios\edit.php(59): CodeIgniter\Debug\Exceptions->errorHandler(2, 'Attempt to read property "nombreusuario" on null', 'C:\\xampp\\htdocs\\bibliotecadigital\\app\\Views\\admin\\usuarios\\edit.php', 59)
 2 SYSTEMPATH\View\View.php(234): include('C:\\xampp\\htdocs\\bibliotecadigital\\app\\Views\\admin\\usuarios\\edit.php')
 3 SYSTEMPATH\View\View.php(237): CodeIgniter\View\View->CodeIgniter\View\{closure}()
 4 SYSTEMPATH\Common.php(1169): CodeIgniter\View\View->render('admin/usuarios/edit', [], true)
 5 APPPATH\Controllers\Usuarios.php(59): view('admin/usuarios/edit', [...])
 6 SYSTEMPATH\CodeIgniter.php(933): App\Controllers\Usuarios->edit('favicon.ico')
 7 SYSTEMPATH\CodeIgniter.php(509): CodeIgniter\CodeIgniter->runController(Object(App\Controllers\Usuarios))
 8 SYSTEMPATH\CodeIgniter.php(355): CodeIgniter\CodeIgniter->handleRequest(null, Object(Config\Cache), false)
 9 SYSTEMPATH\Boot.php(325): CodeIgniter\CodeIgniter->run()
10 SYSTEMPATH\Boot.php(67): CodeIgniter\Boot::runCodeIgniter(Object(CodeIgniter\CodeIgniter))
11 FCPATH\index.php(56): CodeIgniter\Boot::bootWeb(Object(Config\Paths))
CRITICAL - 2025-03-03 03:28:10 --> ErrorException: Attempt to read property "nombreusuario" on null
[Method: GET, Route: editarusuarios/favicon.ico]
in APPPATH\Views\admin\usuarios\edit.php on line 59.
 1 APPPATH\Views\admin\usuarios\edit.php(59): CodeIgniter\Debug\Exceptions->errorHandler(2, 'Attempt to read property "nombreusuario" on null', 'C:\\xampp\\htdocs\\bibliotecadigital\\app\\Views\\admin\\usuarios\\edit.php', 59)
 2 SYSTEMPATH\View\View.php(234): include('C:\\xampp\\htdocs\\bibliotecadigital\\app\\Views\\admin\\usuarios\\edit.php')
 3 SYSTEMPATH\View\View.php(237): CodeIgniter\View\View->CodeIgniter\View\{closure}()
 4 SYSTEMPATH\Common.php(1169): CodeIgniter\View\View->render('admin/usuarios/edit', [], true)
 5 APPPATH\Controllers\Usuarios.php(59): view('admin/usuarios/edit', [...])
 6 SYSTEMPATH\CodeIgniter.php(933): App\Controllers\Usuarios->edit('favicon.ico')
 7 SYSTEMPATH\CodeIgniter.php(509): CodeIgniter\CodeIgniter->runController(Object(App\Controllers\Usuarios))
 8 SYSTEMPATH\CodeIgniter.php(355): CodeIgniter\CodeIgniter->handleRequest(null, Object(Config\Cache), false)
 9 SYSTEMPATH\Boot.php(325): CodeIgniter\CodeIgniter->run()
10 SYSTEMPATH\Boot.php(67): CodeIgniter\Boot::runCodeIgniter(Object(CodeIgniter\CodeIgniter))
11 FCPATH\index.php(56): CodeIgniter\Boot::bootWeb(Object(Config\Paths))
CRITICAL - 2025-03-03 03:33:32 --> ErrorException: Attempt to read property "idusuario" on null
[Method: GET, Route: editarusuarios/favicon.ico]
in APPPATH\Views\admin\usuarios\edit.php on line 50.
 1 APPPATH\Views\admin\usuarios\edit.php(50): CodeIgniter\Debug\Exceptions->errorHandler(2, 'Attempt to read property "idusuario" on null', 'C:\\xampp\\htdocs\\bibliotecadigital\\app\\Views\\admin\\usuarios\\edit.php', 50)
 2 SYSTEMPATH\View\View.php(234): include('C:\\xampp\\htdocs\\bibliotecadigital\\app\\Views\\admin\\usuarios\\edit.php')
 3 SYSTEMPATH\View\View.php(237): CodeIgniter\View\View->CodeIgniter\View\{closure}()
 4 SYSTEMPATH\Common.php(1169): CodeIgniter\View\View->render('admin/usuarios/edit', [], true)
 5 APPPATH\Controllers\Usuarios.php(59): view('admin/usuarios/edit', [...])
 6 SYSTEMPATH\CodeIgniter.php(933): App\Controllers\Usuarios->edit('favicon.ico')
 7 SYSTEMPATH\CodeIgniter.php(509): CodeIgniter\CodeIgniter->runController(Object(App\Controllers\Usuarios))
 8 SYSTEMPATH\CodeIgniter.php(355): CodeIgniter\CodeIgniter->handleRequest(null, Object(Config\Cache), false)
 9 SYSTEMPATH\Boot.php(325): CodeIgniter\CodeIgniter->run()
10 SYSTEMPATH\Boot.php(67): CodeIgniter\Boot::runCodeIgniter(Object(CodeIgniter\CodeIgniter))
11 FCPATH\index.php(56): CodeIgniter\Boot::bootWeb(Object(Config\Paths))
CRITICAL - 2025-03-03 03:33:56 --> ErrorException: Attempt to read property "idusuario" on null
[Method: GET, Route: editarusuarios/favicon.ico]
in APPPATH\Views\admin\usuarios\edit.php on line 50.
 1 APPPATH\Views\admin\usuarios\edit.php(50): CodeIgniter\Debug\Exceptions->errorHandler(2, 'Attempt to read property "idusuario" on null', 'C:\\xampp\\htdocs\\bibliotecadigital\\app\\Views\\admin\\usuarios\\edit.php', 50)
 2 SYSTEMPATH\View\View.php(234): include('C:\\xampp\\htdocs\\bibliotecadigital\\app\\Views\\admin\\usuarios\\edit.php')
 3 SYSTEMPATH\View\View.php(237): CodeIgniter\View\View->CodeIgniter\View\{closure}()
 4 SYSTEMPATH\Common.php(1169): CodeIgniter\View\View->render('admin/usuarios/edit', [], true)
 5 APPPATH\Controllers\Usuarios.php(59): view('admin/usuarios/edit', [...])
 6 SYSTEMPATH\CodeIgniter.php(933): App\Controllers\Usuarios->edit('favicon.ico')
 7 SYSTEMPATH\CodeIgniter.php(509): CodeIgniter\CodeIgniter->runController(Object(App\Controllers\Usuarios))
 8 SYSTEMPATH\CodeIgniter.php(355): CodeIgniter\CodeIgniter->handleRequest(null, Object(Config\Cache), false)
 9 SYSTEMPATH\Boot.php(325): CodeIgniter\CodeIgniter->run()
10 SYSTEMPATH\Boot.php(67): CodeIgniter\Boot::runCodeIgniter(Object(CodeIgniter\CodeIgniter))
11 FCPATH\index.php(56): CodeIgniter\Boot::bootWeb(Object(Config\Paths))
CRITICAL - 2025-03-03 03:36:10 --> ErrorException: Attempt to read property "idusuario" on null
[Method: GET, Route: editarusuarios/favicon.ico]
in APPPATH\Views\admin\usuarios\edit.php on line 50.
 1 APPPATH\Views\admin\usuarios\edit.php(50): CodeIgniter\Debug\Exceptions->errorHandler(2, 'Attempt to read property "idusuario" on null', 'C:\\xampp\\htdocs\\bibliotecadigital\\app\\Views\\admin\\usuarios\\edit.php', 50)
 2 SYSTEMPATH\View\View.php(234): include('C:\\xampp\\htdocs\\bibliotecadigital\\app\\Views\\admin\\usuarios\\edit.php')
 3 SYSTEMPATH\View\View.php(237): CodeIgniter\View\View->CodeIgniter\View\{closure}()
 4 SYSTEMPATH\Common.php(1169): CodeIgniter\View\View->render('admin/usuarios/edit', [], true)
 5 APPPATH\Controllers\Usuarios.php(59): view('admin/usuarios/edit', [...])
 6 SYSTEMPATH\CodeIgniter.php(933): App\Controllers\Usuarios->edit('favicon.ico')
 7 SYSTEMPATH\CodeIgniter.php(509): CodeIgniter\CodeIgniter->runController(Object(App\Controllers\Usuarios))
 8 SYSTEMPATH\CodeIgniter.php(355): CodeIgniter\CodeIgniter->handleRequest(null, Object(Config\Cache), false)
 9 SYSTEMPATH\Boot.php(325): CodeIgniter\CodeIgniter->run()
10 SYSTEMPATH\Boot.php(67): CodeIgniter\Boot::runCodeIgniter(Object(CodeIgniter\CodeIgniter))
11 FCPATH\index.php(56): CodeIgniter\Boot::bootWeb(Object(Config\Paths))
CRITICAL - 2025-03-03 03:36:30 --> ErrorException: Undefined variable $hash
[Method: POST, Route: guardaredicionu]
in APPPATH\Controllers\Usuarios.php on line 73.
 1 APPPATH\Controllers\Usuarios.php(73): CodeIgniter\Debug\Exceptions->errorHandler(2, 'Undefined variable $hash', 'C:\\xampp\\htdocs\\bibliotecadigital\\app\\Controllers\\Usuarios.php', 73)
 2 SYSTEMPATH\CodeIgniter.php(933): App\Controllers\Usuarios->saveedit()
 3 SYSTEMPATH\CodeIgniter.php(509): CodeIgniter\CodeIgniter->runController(Object(App\Controllers\Usuarios))
 4 SYSTEMPATH\CodeIgniter.php(355): CodeIgniter\CodeIgniter->handleRequest(null, Object(Config\Cache), false)
 5 SYSTEMPATH\Boot.php(325): CodeIgniter\CodeIgniter->run()
 6 SYSTEMPATH\Boot.php(67): CodeIgniter\Boot::runCodeIgniter(Object(CodeIgniter\CodeIgniter))
 7 FCPATH\index.php(56): CodeIgniter\Boot::bootWeb(Object(Config\Paths))
CRITICAL - 2025-03-03 03:38:28 --> ErrorException: Attempt to read property "nombreusuario" on string
[Method: GET, Route: usuarios]
in APPPATH\Views\admin\usuarios\index.php on line 101.
 1 APPPATH\Views\admin\usuarios\index.php(101): CodeIgniter\Debug\Exceptions->errorHandler(2, 'Attempt to read property "nombreusuario" on string', 'C:\\xampp\\htdocs\\bibliotecadigital\\app\\Views\\admin\\usuarios\\index.php', 101)
 2 SYSTEMPATH\View\View.php(234): include('C:\\xampp\\htdocs\\bibliotecadigital\\app\\Views\\admin\\usuarios\\index.php')
 3 SYSTEMPATH\View\View.php(237): CodeIgniter\View\View->CodeIgniter\View\{closure}()
 4 SYSTEMPATH\Common.php(1169): CodeIgniter\View\View->render('admin/usuarios/index', [], true)
 5 APPPATH\Controllers\Usuarios.php(15): view('admin/usuarios/index', [...])
 6 SYSTEMPATH\CodeIgniter.php(933): App\Controllers\Usuarios->index()
 7 SYSTEMPATH\CodeIgniter.php(509): CodeIgniter\CodeIgniter->runController(Object(App\Controllers\Usuarios))
 8 SYSTEMPATH\CodeIgniter.php(355): CodeIgniter\CodeIgniter->handleRequest(null, Object(Config\Cache), false)
 9 SYSTEMPATH\Boot.php(325): CodeIgniter\CodeIgniter->run()
10 SYSTEMPATH\Boot.php(67): CodeIgniter\Boot::runCodeIgniter(Object(CodeIgniter\CodeIgniter))
11 FCPATH\index.php(56): CodeIgniter\Boot::bootWeb(Object(Config\Paths))
CRITICAL - 2025-03-03 03:39:03 --> TypeError: Cannot access offset of type string on string
[Method: GET, Route: usuarios]
in APPPATH\Views\admin\usuarios\index.php on line 101.
 1 SYSTEMPATH\View\View.php(234): include()
 2 SYSTEMPATH\View\View.php(237): CodeIgniter\View\View->CodeIgniter\View\{closure}()
 3 SYSTEMPATH\Common.php(1169): CodeIgniter\View\View->render('admin/usuarios/index', [], true)
 4 APPPATH\Controllers\Usuarios.php(15): view('admin/usuarios/index', [...])
 5 SYSTEMPATH\CodeIgniter.php(933): App\Controllers\Usuarios->index()
 6 SYSTEMPATH\CodeIgniter.php(509): CodeIgniter\CodeIgniter->runController(Object(App\Controllers\Usuarios))
 7 SYSTEMPATH\CodeIgniter.php(355): CodeIgniter\CodeIgniter->handleRequest(null, Object(Config\Cache), false)
 8 SYSTEMPATH\Boot.php(325): CodeIgniter\CodeIgniter->run()
 9 SYSTEMPATH\Boot.php(67): CodeIgniter\Boot::runCodeIgniter(Object(CodeIgniter\CodeIgniter))
10 FCPATH\index.php(56): CodeIgniter\Boot::bootWeb(Object(Config\Paths))
CRITICAL - 2025-03-03 03:41:23 --> ErrorException: Attempt to read property "idusuario" on null
[Method: GET, Route: editarusuarios/favicon.ico]
in APPPATH\Views\admin\usuarios\edit.php on line 50.
 1 APPPATH\Views\admin\usuarios\edit.php(50): CodeIgniter\Debug\Exceptions->errorHandler(2, 'Attempt to read property "idusuario" on null', 'C:\\xampp\\htdocs\\bibliotecadigital\\app\\Views\\admin\\usuarios\\edit.php', 50)
 2 SYSTEMPATH\View\View.php(234): include('C:\\xampp\\htdocs\\bibliotecadigital\\app\\Views\\admin\\usuarios\\edit.php')
 3 SYSTEMPATH\View\View.php(237): CodeIgniter\View\View->CodeIgniter\View\{closure}()
 4 SYSTEMPATH\Common.php(1169): CodeIgniter\View\View->render('admin/usuarios/edit', [], true)
 5 APPPATH\Controllers\Usuarios.php(59): view('admin/usuarios/edit', [...])
 6 SYSTEMPATH\CodeIgniter.php(933): App\Controllers\Usuarios->edit('favicon.ico')
 7 SYSTEMPATH\CodeIgniter.php(509): CodeIgniter\CodeIgniter->runController(Object(App\Controllers\Usuarios))
 8 SYSTEMPATH\CodeIgniter.php(355): CodeIgniter\CodeIgniter->handleRequest(null, Object(Config\Cache), false)
 9 SYSTEMPATH\Boot.php(325): CodeIgniter\CodeIgniter->run()
10 SYSTEMPATH\Boot.php(67): CodeIgniter\Boot::runCodeIgniter(Object(CodeIgniter\CodeIgniter))
11 FCPATH\index.php(56): CodeIgniter\Boot::bootWeb(Object(Config\Paths))
CRITICAL - 2025-03-03 03:41:46 --> ErrorException: Undefined variable $hash
[Method: POST, Route: guardaredicionu]
in APPPATH\Controllers\Usuarios.php on line 73.
 1 APPPATH\Controllers\Usuarios.php(73): CodeIgniter\Debug\Exceptions->errorHandler(2, 'Undefined variable $hash', 'C:\\xampp\\htdocs\\bibliotecadigital\\app\\Controllers\\Usuarios.php', 73)
 2 SYSTEMPATH\CodeIgniter.php(933): App\Controllers\Usuarios->saveedit()
 3 SYSTEMPATH\CodeIgniter.php(509): CodeIgniter\CodeIgniter->runController(Object(App\Controllers\Usuarios))
 4 SYSTEMPATH\CodeIgniter.php(355): CodeIgniter\CodeIgniter->handleRequest(null, Object(Config\Cache), false)
 5 SYSTEMPATH\Boot.php(325): CodeIgniter\CodeIgniter->run()
 6 SYSTEMPATH\Boot.php(67): CodeIgniter\Boot::runCodeIgniter(Object(CodeIgniter\CodeIgniter))
 7 FCPATH\index.php(56): CodeIgniter\Boot::bootWeb(Object(Config\Paths))
CRITICAL - 2025-03-03 03:43:31 --> ErrorException: Attempt to read property "idusuario" on null
[Method: GET, Route: editarusuarios/favicon.ico]
in APPPATH\Views\admin\usuarios\edit.php on line 50.
 1 APPPATH\Views\admin\usuarios\edit.php(50): CodeIgniter\Debug\Exceptions->errorHandler(2, 'Attempt to read property "idusuario" on null', 'C:\\xampp\\htdocs\\bibliotecadigital\\app\\Views\\admin\\usuarios\\edit.php', 50)
 2 SYSTEMPATH\View\View.php(234): include('C:\\xampp\\htdocs\\bibliotecadigital\\app\\Views\\admin\\usuarios\\edit.php')
 3 SYSTEMPATH\View\View.php(237): CodeIgniter\View\View->CodeIgniter\View\{closure}()
 4 SYSTEMPATH\Common.php(1169): CodeIgniter\View\View->render('admin/usuarios/edit', [], true)
 5 APPPATH\Controllers\Usuarios.php(59): view('admin/usuarios/edit', [...])
 6 SYSTEMPATH\CodeIgniter.php(933): App\Controllers\Usuarios->edit('favicon.ico')
 7 SYSTEMPATH\CodeIgniter.php(509): CodeIgniter\CodeIgniter->runController(Object(App\Controllers\Usuarios))
 8 SYSTEMPATH\CodeIgniter.php(355): CodeIgniter\CodeIgniter->handleRequest(null, Object(Config\Cache), false)
 9 SYSTEMPATH\Boot.php(325): CodeIgniter\CodeIgniter->run()
10 SYSTEMPATH\Boot.php(67): CodeIgniter\Boot::runCodeIgniter(Object(CodeIgniter\CodeIgniter))
11 FCPATH\index.php(56): CodeIgniter\Boot::bootWeb(Object(Config\Paths))
CRITICAL - 2025-03-03 03:43:52 --> ErrorException: Attempt to read property "idusuario" on null
[Method: GET, Route: editarusuarios/favicon.ico]
in APPPATH\Views\admin\usuarios\edit.php on line 50.
 1 APPPATH\Views\admin\usuarios\edit.php(50): CodeIgniter\Debug\Exceptions->errorHandler(2, 'Attempt to read property "idusuario" on null', 'C:\\xampp\\htdocs\\bibliotecadigital\\app\\Views\\admin\\usuarios\\edit.php', 50)
 2 SYSTEMPATH\View\View.php(234): include('C:\\xampp\\htdocs\\bibliotecadigital\\app\\Views\\admin\\usuarios\\edit.php')
 3 SYSTEMPATH\View\View.php(237): CodeIgniter\View\View->CodeIgniter\View\{closure}()
 4 SYSTEMPATH\Common.php(1169): CodeIgniter\View\View->render('admin/usuarios/edit', [], true)
 5 APPPATH\Controllers\Usuarios.php(59): view('admin/usuarios/edit', [...])
 6 SYSTEMPATH\CodeIgniter.php(933): App\Controllers\Usuarios->edit('favicon.ico')
 7 SYSTEMPATH\CodeIgniter.php(509): CodeIgniter\CodeIgniter->runController(Object(App\Controllers\Usuarios))
 8 SYSTEMPATH\CodeIgniter.php(355): CodeIgniter\CodeIgniter->handleRequest(null, Object(Config\Cache), false)
 9 SYSTEMPATH\Boot.php(325): CodeIgniter\CodeIgniter->run()
10 SYSTEMPATH\Boot.php(67): CodeIgniter\Boot::runCodeIgniter(Object(CodeIgniter\CodeIgniter))
11 FCPATH\index.php(56): CodeIgniter\Boot::bootWeb(Object(Config\Paths))
CRITICAL - 2025-03-03 03:58:04 --> ErrorException: Undefined variable $id
[Method: POST, Route: eliminaru/2]
in APPPATH\Controllers\Usuarios.php on line 89.
 1 APPPATH\Controllers\Usuarios.php(89): CodeIgniter\Debug\Exceptions->errorHandler(2, 'Undefined variable $id', 'C:\\xampp\\htdocs\\bibliotecadigital\\app\\Controllers\\Usuarios.php', 89)
 2 SYSTEMPATH\CodeIgniter.php(933): App\Controllers\Usuarios->delete('2')
 3 SYSTEMPATH\CodeIgniter.php(509): CodeIgniter\CodeIgniter->runController(Object(App\Controllers\Usuarios))
 4 SYSTEMPATH\CodeIgniter.php(355): CodeIgniter\CodeIgniter->handleRequest(null, Object(Config\Cache), false)
 5 SYSTEMPATH\Boot.php(325): CodeIgniter\CodeIgniter->run()
 6 SYSTEMPATH\Boot.php(67): CodeIgniter\Boot::runCodeIgniter(Object(CodeIgniter\CodeIgniter))
 7 FCPATH\index.php(56): CodeIgniter\Boot::bootWeb(Object(Config\Paths))
CRITICAL - 2025-03-03 05:59:38 --> CodeIgniter\View\Exceptions\ViewException: Invalid file: "login.php"
[Method: GET, Route: ingresar]
in SYSTEMPATH\Exceptions\FrameworkException.php on line 41.
 1 SYSTEMPATH\View\View.php(222): CodeIgniter\Exceptions\FrameworkException::forInvalidFile('login.php')
 2 SYSTEMPATH\Common.php(1169): CodeIgniter\View\View->render('login', [], true)
 3 APPPATH\Controllers\Usuarios.php(13): view('login')
 4 SYSTEMPATH\CodeIgniter.php(933): App\Controllers\Usuarios->login()
 5 SYSTEMPATH\CodeIgniter.php(509): CodeIgniter\CodeIgniter->runController(Object(App\Controllers\Usuarios))
 6 SYSTEMPATH\CodeIgniter.php(355): CodeIgniter\CodeIgniter->handleRequest(null, Object(Config\Cache), false)
 7 SYSTEMPATH\Boot.php(325): CodeIgniter\CodeIgniter->run()
 8 SYSTEMPATH\Boot.php(67): CodeIgniter\Boot::runCodeIgniter(Object(CodeIgniter\CodeIgniter))
 9 FCPATH\index.php(56): CodeIgniter\Boot::bootWeb(Object(Config\Paths))
CRITICAL - 2025-03-03 06:23:07 --> Error: Class "App\Model\ConfiguracionModel" not found
[Method: GET, Route: ingresar]
in APPPATH\Controllers\Usuarios.php on line 14.
 1 SYSTEMPATH\CodeIgniter.php(933): App\Controllers\Usuarios->loginForm()
 2 SYSTEMPATH\CodeIgniter.php(509): CodeIgniter\CodeIgniter->runController(Object(App\Controllers\Usuarios))
 3 SYSTEMPATH\CodeIgniter.php(355): CodeIgniter\CodeIgniter->handleRequest(null, Object(Config\Cache), false)
 4 SYSTEMPATH\Boot.php(325): CodeIgniter\CodeIgniter->run()
 5 SYSTEMPATH\Boot.php(67): CodeIgniter\Boot::runCodeIgniter(Object(CodeIgniter\CodeIgniter))
 6 FCPATH\index.php(56): CodeIgniter\Boot::bootWeb(Object(Config\Paths))
CRITICAL - 2025-03-03 06:23:32 --> Error: Undefined constant "base_url"
[Method: GET, Route: ingresar]
in APPPATH\Views\login.php on line 60.
 1 SYSTEMPATH\View\View.php(234): include()
 2 SYSTEMPATH\View\View.php(237): CodeIgniter\View\View->CodeIgniter\View\{closure}()
 3 SYSTEMPATH\Common.php(1169): CodeIgniter\View\View->render('login', [], true)
 4 APPPATH\Controllers\Usuarios.php(16): view('login', [...])
 5 SYSTEMPATH\CodeIgniter.php(933): App\Controllers\Usuarios->loginForm()
 6 SYSTEMPATH\CodeIgniter.php(509): CodeIgniter\CodeIgniter->runController(Object(App\Controllers\Usuarios))
 7 SYSTEMPATH\CodeIgniter.php(355): CodeIgniter\CodeIgniter->handleRequest(null, Object(Config\Cache), false)
 8 SYSTEMPATH\Boot.php(325): CodeIgniter\CodeIgniter->run()
 9 SYSTEMPATH\Boot.php(67): CodeIgniter\Boot::runCodeIgniter(Object(CodeIgniter\CodeIgniter))
10 FCPATH\index.php(56): CodeIgniter\Boot::bootWeb(Object(Config\Paths))
CRITICAL - 2025-03-03 06:24:30 --> ErrorException: Undefined array key "logo"
[Method: GET, Route: ingresar]
in APPPATH\Views\login.php on line 60.
 1 APPPATH\Views\login.php(60): CodeIgniter\Debug\Exceptions->errorHandler(2, 'Undefined array key "logo"', 'C:\\xampp\\htdocs\\bibliotecadigital\\app\\Views\\login.php', 60)
 2 SYSTEMPATH\View\View.php(234): include('C:\\xampp\\htdocs\\bibliotecadigital\\app\\Views\\login.php')
 3 SYSTEMPATH\View\View.php(237): CodeIgniter\View\View->CodeIgniter\View\{closure}()
 4 SYSTEMPATH\Common.php(1169): CodeIgniter\View\View->render('login', [], true)
 5 APPPATH\Controllers\Usuarios.php(16): view('login', [...])
 6 SYSTEMPATH\CodeIgniter.php(933): App\Controllers\Usuarios->loginForm()
 7 SYSTEMPATH\CodeIgniter.php(509): CodeIgniter\CodeIgniter->runController(Object(App\Controllers\Usuarios))
 8 SYSTEMPATH\CodeIgniter.php(355): CodeIgniter\CodeIgniter->handleRequest(null, Object(Config\Cache), false)
 9 SYSTEMPATH\Boot.php(325): CodeIgniter\CodeIgniter->run()
10 SYSTEMPATH\Boot.php(67): CodeIgniter\Boot::runCodeIgniter(Object(CodeIgniter\CodeIgniter))
11 FCPATH\index.php(56): CodeIgniter\Boot::bootWeb(Object(Config\Paths))
CRITICAL - 2025-03-03 06:25:10 --> ErrorException: Attempt to read property "logo" on array
[Method: GET, Route: ingresar]
in APPPATH\Views\login.php on line 60.
 1 APPPATH\Views\login.php(60): CodeIgniter\Debug\Exceptions->errorHandler(2, 'Attempt to read property "logo" on array', 'C:\\xampp\\htdocs\\bibliotecadigital\\app\\Views\\login.php', 60)
 2 SYSTEMPATH\View\View.php(234): include('C:\\xampp\\htdocs\\bibliotecadigital\\app\\Views\\login.php')
 3 SYSTEMPATH\View\View.php(237): CodeIgniter\View\View->CodeIgniter\View\{closure}()
 4 SYSTEMPATH\Common.php(1169): CodeIgniter\View\View->render('login', [], true)
 5 APPPATH\Controllers\Usuarios.php(16): view('login', [...])
 6 SYSTEMPATH\CodeIgniter.php(933): App\Controllers\Usuarios->loginForm()
 7 SYSTEMPATH\CodeIgniter.php(509): CodeIgniter\CodeIgniter->runController(Object(App\Controllers\Usuarios))
 8 SYSTEMPATH\CodeIgniter.php(355): CodeIgniter\CodeIgniter->handleRequest(null, Object(Config\Cache), false)
 9 SYSTEMPATH\Boot.php(325): CodeIgniter\CodeIgniter->run()
10 SYSTEMPATH\Boot.php(67): CodeIgniter\Boot::runCodeIgniter(Object(CodeIgniter\CodeIgniter))
11 FCPATH\index.php(56): CodeIgniter\Boot::bootWeb(Object(Config\Paths))
CRITICAL - 2025-03-03 06:25:39 --> ErrorException: Undefined array key "logo"
[Method: GET, Route: ingresar]
in APPPATH\Views\login.php on line 60.
 1 APPPATH\Views\login.php(60): CodeIgniter\Debug\Exceptions->errorHandler(2, 'Undefined array key "logo"', 'C:\\xampp\\htdocs\\bibliotecadigital\\app\\Views\\login.php', 60)
 2 SYSTEMPATH\View\View.php(234): include('C:\\xampp\\htdocs\\bibliotecadigital\\app\\Views\\login.php')
 3 SYSTEMPATH\View\View.php(237): CodeIgniter\View\View->CodeIgniter\View\{closure}()
 4 SYSTEMPATH\Common.php(1169): CodeIgniter\View\View->render('login', [], true)
 5 APPPATH\Controllers\Usuarios.php(16): view('login', [...])
 6 SYSTEMPATH\CodeIgniter.php(933): App\Controllers\Usuarios->loginForm()
 7 SYSTEMPATH\CodeIgniter.php(509): CodeIgniter\CodeIgniter->runController(Object(App\Controllers\Usuarios))
 8 SYSTEMPATH\CodeIgniter.php(355): CodeIgniter\CodeIgniter->handleRequest(null, Object(Config\Cache), false)
 9 SYSTEMPATH\Boot.php(325): CodeIgniter\CodeIgniter->run()
10 SYSTEMPATH\Boot.php(67): CodeIgniter\Boot::runCodeIgniter(Object(CodeIgniter\CodeIgniter))
11 FCPATH\index.php(56): CodeIgniter\Boot::bootWeb(Object(Config\Paths))
INFO - 2025-03-03 19:55:15 --> Session: Class initialized using 'CodeIgniter\Session\Handlers\FileHandler' driver.
INFO - 2025-03-03 19:59:13 --> Session: Class initialized using 'CodeIgniter\Session\Handlers\FileHandler' driver.
CRITICAL - 2025-03-03 22:33:05 --> ErrorException: Undefined array key "SessionAdmin"
[Method: GET, Route: alumnos]
in SYSTEMPATH\Filters\Filters.php on line 754.
 1 SYSTEMPATH\Filters\Filters.php(754): CodeIgniter\Debug\Exceptions->errorHandler(2, 'Undefined array key "SessionAdmin"', 'C:\\xampp\\htdocs\\bibliotecadigital\\system\\Filters\\Filters.php', 754)
 2 SYSTEMPATH\Filters\Filters.php(697): CodeIgniter\Filters\Filters->registerArguments('SessionAdmin', [])
 3 SYSTEMPATH\Filters\Filters.php(398): CodeIgniter\Filters\Filters->processFilters('alumnos')
 4 SYSTEMPATH\Filters\Filters.php(181): CodeIgniter\Filters\Filters->initialize('alumnos')
 5 SYSTEMPATH\CodeIgniter.php(481): CodeIgniter\Filters\Filters->run('alumnos', 'before')
 6 SYSTEMPATH\CodeIgniter.php(355): CodeIgniter\CodeIgniter->handleRequest(null, Object(Config\Cache), false)
 7 SYSTEMPATH\Boot.php(325): CodeIgniter\CodeIgniter->run()
 8 SYSTEMPATH\Boot.php(67): CodeIgniter\Boot::runCodeIgniter(Object(CodeIgniter\CodeIgniter))
 9 FCPATH\index.php(56): CodeIgniter\Boot::bootWeb(Object(Config\Paths))
CRITICAL - 2025-03-03 22:33:05 --> ErrorException: Undefined array key "SessionAdmin"
[Method: GET, Route: alumnos]
in SYSTEMPATH\Filters\Filters.php on line 754.
 1 SYSTEMPATH\Filters\Filters.php(754): CodeIgniter\Debug\Exceptions->errorHandler(2, 'Undefined array key "SessionAdmin"', 'C:\\xampp\\htdocs\\bibliotecadigital\\system\\Filters\\Filters.php', 754)
 2 SYSTEMPATH\Filters\Filters.php(697): CodeIgniter\Filters\Filters->registerArguments('SessionAdmin', [])
 3 SYSTEMPATH\Filters\Filters.php(398): CodeIgniter\Filters\Filters->processFilters('alumnos')
 4 SYSTEMPATH\Filters\Filters.php(181): CodeIgniter\Filters\Filters->initialize('alumnos')
 5 SYSTEMPATH\CodeIgniter.php(481): CodeIgniter\Filters\Filters->run('alumnos', 'before')
 6 SYSTEMPATH\CodeIgniter.php(355): CodeIgniter\CodeIgniter->handleRequest(null, Object(Config\Cache), false)
 7 SYSTEMPATH\Boot.php(325): CodeIgniter\CodeIgniter->run()
 8 SYSTEMPATH\Boot.php(67): CodeIgniter\Boot::runCodeIgniter(Object(CodeIgniter\CodeIgniter))
 9 FCPATH\index.php(56): CodeIgniter\Boot::bootWeb(Object(Config\Paths))
CRITICAL - 2025-03-03 22:33:45 --> Error: Class "App\Filters\SessionAdmin" not found
[Method: GET, Route: alumnos]
in SYSTEMPATH\Filters\Filters.php on line 197.
 1 SYSTEMPATH\Filters\Filters.php(184): CodeIgniter\Filters\Filters->runBefore([...])
 2 SYSTEMPATH\CodeIgniter.php(481): CodeIgniter\Filters\Filters->run('alumnos', 'before')
 3 SYSTEMPATH\CodeIgniter.php(355): CodeIgniter\CodeIgniter->handleRequest(null, Object(Config\Cache), false)
 4 SYSTEMPATH\Boot.php(325): CodeIgniter\CodeIgniter->run()
 5 SYSTEMPATH\Boot.php(67): CodeIgniter\Boot::runCodeIgniter(Object(CodeIgniter\CodeIgniter))
 6 FCPATH\index.php(56): CodeIgniter\Boot::bootWeb(Object(Config\Paths))
INFO - 2025-03-03 22:38:15 --> Session: Class initialized using 'CodeIgniter\Session\Handlers\FileHandler' driver.
INFO - 2025-03-03 22:39:08 --> Session: Class initialized using 'CodeIgniter\Session\Handlers\FileHandler' driver.
INFO - 2025-03-03 22:40:34 --> Session: Class initialized using 'CodeIgniter\Session\Handlers\FileHandler' driver.
INFO - 2025-03-03 22:40:35 --> Session: Class initialized using 'CodeIgniter\Session\Handlers\FileHandler' driver.
INFO - 2025-03-03 22:42:17 --> Session: Class initialized using 'CodeIgniter\Session\Handlers\FileHandler' driver.
INFO - 2025-03-03 22:42:18 --> Session: Class initialized using 'CodeIgniter\Session\Handlers\FileHandler' driver.
INFO - 2025-03-03 22:42:19 --> Session: Class initialized using 'CodeIgniter\Session\Handlers\FileHandler' driver.
INFO - 2025-03-03 22:42:20 --> Session: Class initialized using 'CodeIgniter\Session\Handlers\FileHandler' driver.
INFO - 2025-03-03 22:42:21 --> Session: Class initialized using 'CodeIgniter\Session\Handlers\FileHandler' driver.
INFO - 2025-03-03 22:42:22 --> Session: Class initialized using 'CodeIgniter\Session\Handlers\FileHandler' driver.
INFO - 2025-03-03 22:42:23 --> Session: Class initialized using 'CodeIgniter\Session\Handlers\FileHandler' driver.
INFO - 2025-03-03 22:42:24 --> Session: Class initialized using 'CodeIgniter\Session\Handlers\FileHandler' driver.
INFO - 2025-03-03 22:42:25 --> Session: Class initialized using 'CodeIgniter\Session\Handlers\FileHandler' driver.
INFO - 2025-03-03 22:42:27 --> Session: Class initialized using 'CodeIgniter\Session\Handlers\FileHandler' driver.
INFO - 2025-03-03 22:42:27 --> Session: Class initialized using 'CodeIgniter\Session\Handlers\FileHandler' driver.
INFO - 2025-03-03 22:42:28 --> Session: Class initialized using 'CodeIgniter\Session\Handlers\FileHandler' driver.
INFO - 2025-03-03 22:42:29 --> Session: Class initialized using 'CodeIgniter\Session\Handlers\FileHandler' driver.
INFO - 2025-03-03 22:42:30 --> Session: Class initialized using 'CodeIgniter\Session\Handlers\FileHandler' driver.
INFO - 2025-03-03 22:42:31 --> Session: Class initialized using 'CodeIgniter\Session\Handlers\FileHandler' driver.
INFO - 2025-03-03 22:42:32 --> Session: Class initialized using 'CodeIgniter\Session\Handlers\FileHandler' driver.
INFO - 2025-03-03 22:42:33 --> Session: Class initialized using 'CodeIgniter\Session\Handlers\FileHandler' driver.
INFO - 2025-03-03 22:42:34 --> Session: Class initialized using 'CodeIgniter\Session\Handlers\FileHandler' driver.
INFO - 2025-03-03 22:42:35 --> Session: Class initialized using 'CodeIgniter\Session\Handlers\FileHandler' driver.
INFO - 2025-03-03 22:42:36 --> Session: Class initialized using 'CodeIgniter\Session\Handlers\FileHandler' driver.
INFO - 2025-03-03 22:42:39 --> Session: Class initialized using 'CodeIgniter\Session\Handlers\FileHandler' driver.
INFO - 2025-03-03 22:42:40 --> Session: Class initialized using 'CodeIgniter\Session\Handlers\FileHandler' driver.
INFO - 2025-03-03 22:42:40 --> Session: Class initialized using 'CodeIgniter\Session\Handlers\FileHandler' driver.
INFO - 2025-03-03 22:42:41 --> Session: Class initialized using 'CodeIgniter\Session\Handlers\FileHandler' driver.
INFO - 2025-03-03 22:42:43 --> Session: Class initialized using 'CodeIgniter\Session\Handlers\FileHandler' driver.
INFO - 2025-03-03 22:42:44 --> Session: Class initialized using 'CodeIgniter\Session\Handlers\FileHandler' driver.
INFO - 2025-03-03 22:42:45 --> Session: Class initialized using 'CodeIgniter\Session\Handlers\FileHandler' driver.
INFO - 2025-03-03 22:42:45 --> Session: Class initialized using 'CodeIgniter\Session\Handlers\FileHandler' driver.
INFO - 2025-03-03 22:42:46 --> Session: Class initialized using 'CodeIgniter\Session\Handlers\FileHandler' driver.
INFO - 2025-03-03 22:42:47 --> Session: Class initialized using 'CodeIgniter\Session\Handlers\FileHandler' driver.
INFO - 2025-03-03 22:42:48 --> Session: Class initialized using 'CodeIgniter\Session\Handlers\FileHandler' driver.
INFO - 2025-03-03 22:42:49 --> Session: Class initialized using 'CodeIgniter\Session\Handlers\FileHandler' driver.
INFO - 2025-03-03 22:42:50 --> Session: Class initialized using 'CodeIgniter\Session\Handlers\FileHandler' driver.
INFO - 2025-03-03 22:42:51 --> Session: Class initialized using 'CodeIgniter\Session\Handlers\FileHandler' driver.
INFO - 2025-03-03 22:42:51 --> Session: Class initialized using 'CodeIgniter\Session\Handlers\FileHandler' driver.
INFO - 2025-03-03 22:42:53 --> Session: Class initialized using 'CodeIgniter\Session\Handlers\FileHandler' driver.
INFO - 2025-03-03 22:42:53 --> Session: Class initialized using 'CodeIgniter\Session\Handlers\FileHandler' driver.
INFO - 2025-03-03 22:42:54 --> Session: Class initialized using 'CodeIgniter\Session\Handlers\FileHandler' driver.
INFO - 2025-03-03 22:42:55 --> Session: Class initialized using 'CodeIgniter\Session\Handlers\FileHandler' driver.
INFO - 2025-03-03 22:42:56 --> Session: Class initialized using 'CodeIgniter\Session\Handlers\FileHandler' driver.
INFO - 2025-03-03 22:43:00 --> Session: Class initialized using 'CodeIgniter\Session\Handlers\FileHandler' driver.
INFO - 2025-03-03 22:43:01 --> Session: Class initialized using 'CodeIgniter\Session\Handlers\FileHandler' driver.
INFO - 2025-03-03 22:43:02 --> Session: Class initialized using 'CodeIgniter\Session\Handlers\FileHandler' driver.
INFO - 2025-03-03 22:43:03 --> Session: Class initialized using 'CodeIgniter\Session\Handlers\FileHandler' driver.
INFO - 2025-03-03 22:43:03 --> Session: Class initialized using 'CodeIgniter\Session\Handlers\FileHandler' driver.
INFO - 2025-03-03 22:43:05 --> Session: Class initialized using 'CodeIgniter\Session\Handlers\FileHandler' driver.
INFO - 2025-03-03 22:43:06 --> Session: Class initialized using 'CodeIgniter\Session\Handlers\FileHandler' driver.
INFO - 2025-03-03 22:43:07 --> Session: Class initialized using 'CodeIgniter\Session\Handlers\FileHandler' driver.
INFO - 2025-03-03 22:43:07 --> Session: Class initialized using 'CodeIgniter\Session\Handlers\FileHandler' driver.
INFO - 2025-03-03 22:43:08 --> Session: Class initialized using 'CodeIgniter\Session\Handlers\FileHandler' driver.
INFO - 2025-03-03 22:43:09 --> Session: Class initialized using 'CodeIgniter\Session\Handlers\FileHandler' driver.
INFO - 2025-03-03 22:43:10 --> Session: Class initialized using 'CodeIgniter\Session\Handlers\FileHandler' driver.
INFO - 2025-03-03 22:43:11 --> Session: Class initialized using 'CodeIgniter\Session\Handlers\FileHandler' driver.
INFO - 2025-03-03 22:43:12 --> Session: Class initialized using 'CodeIgniter\Session\Handlers\FileHandler' driver.
INFO - 2025-03-03 22:43:14 --> Session: Class initialized using 'CodeIgniter\Session\Handlers\FileHandler' driver.
INFO - 2025-03-03 22:43:15 --> Session: Class initialized using 'CodeIgniter\Session\Handlers\FileHandler' driver.
INFO - 2025-03-03 22:43:16 --> Session: Class initialized using 'CodeIgniter\Session\Handlers\FileHandler' driver.
INFO - 2025-03-03 22:43:37 --> Session: Class initialized using 'CodeIgniter\Session\Handlers\FileHandler' driver.
INFO - 2025-03-03 22:43:38 --> Session: Class initialized using 'CodeIgniter\Session\Handlers\FileHandler' driver.
INFO - 2025-03-03 22:43:39 --> Session: Class initialized using 'CodeIgniter\Session\Handlers\FileHandler' driver.
INFO - 2025-03-03 22:43:40 --> Session: Class initialized using 'CodeIgniter\Session\Handlers\FileHandler' driver.
INFO - 2025-03-03 22:43:41 --> Session: Class initialized using 'CodeIgniter\Session\Handlers\FileHandler' driver.
INFO - 2025-03-03 22:43:42 --> Session: Class initialized using 'CodeIgniter\Session\Handlers\FileHandler' driver.
INFO - 2025-03-03 22:43:43 --> Session: Class initialized using 'CodeIgniter\Session\Handlers\FileHandler' driver.
INFO - 2025-03-03 22:43:44 --> Session: Class initialized using 'CodeIgniter\Session\Handlers\FileHandler' driver.
INFO - 2025-03-03 22:43:45 --> Session: Class initialized using 'CodeIgniter\Session\Handlers\FileHandler' driver.
INFO - 2025-03-03 22:43:46 --> Session: Class initialized using 'CodeIgniter\Session\Handlers\FileHandler' driver.
INFO - 2025-03-03 22:43:46 --> Session: Class initialized using 'CodeIgniter\Session\Handlers\FileHandler' driver.
INFO - 2025-03-03 22:43:47 --> Session: Class initialized using 'CodeIgniter\Session\Handlers\FileHandler' driver.
INFO - 2025-03-03 22:43:49 --> Session: Class initialized using 'CodeIgniter\Session\Handlers\FileHandler' driver.
INFO - 2025-03-03 22:43:50 --> Session: Class initialized using 'CodeIgniter\Session\Handlers\FileHandler' driver.
INFO - 2025-03-03 22:43:51 --> Session: Class initialized using 'CodeIgniter\Session\Handlers\FileHandler' driver.
INFO - 2025-03-03 22:43:52 --> Session: Class initialized using 'CodeIgniter\Session\Handlers\FileHandler' driver.
INFO - 2025-03-03 22:43:52 --> Session: Class initialized using 'CodeIgniter\Session\Handlers\FileHandler' driver.
INFO - 2025-03-03 22:43:53 --> Session: Class initialized using 'CodeIgniter\Session\Handlers\FileHandler' driver.
INFO - 2025-03-03 22:43:54 --> Session: Class initialized using 'CodeIgniter\Session\Handlers\FileHandler' driver.
INFO - 2025-03-03 22:43:55 --> Session: Class initialized using 'CodeIgniter\Session\Handlers\FileHandler' driver.
INFO - 2025-03-03 22:43:57 --> Session: Class initialized using 'CodeIgniter\Session\Handlers\FileHandler' driver.
INFO - 2025-03-03 22:43:59 --> Session: Class initialized using 'CodeIgniter\Session\Handlers\FileHandler' driver.
INFO - 2025-03-03 22:43:59 --> Session: Class initialized using 'CodeIgniter\Session\Handlers\FileHandler' driver.
INFO - 2025-03-03 22:44:01 --> Session: Class initialized using 'CodeIgniter\Session\Handlers\FileHandler' driver.
INFO - 2025-03-03 22:44:02 --> Session: Class initialized using 'CodeIgniter\Session\Handlers\FileHandler' driver.
INFO - 2025-03-03 22:44:05 --> Session: Class initialized using 'CodeIgniter\Session\Handlers\FileHandler' driver.
INFO - 2025-03-03 22:45:03 --> Session: Class initialized using 'CodeIgniter\Session\Handlers\FileHandler' driver.
INFO - 2025-03-03 22:45:09 --> Session: Class initialized using 'CodeIgniter\Session\Handlers\FileHandler' driver.
INFO - 2025-03-03 22:45:11 --> Session: Class initialized using 'CodeIgniter\Session\Handlers\FileHandler' driver.
INFO - 2025-03-03 22:45:13 --> Session: Class initialized using 'CodeIgniter\Session\Handlers\FileHandler' driver.
INFO - 2025-03-03 22:45:15 --> Session: Class initialized using 'CodeIgniter\Session\Handlers\FileHandler' driver.
INFO - 2025-03-03 22:45:18 --> Session: Class initialized using 'CodeIgniter\Session\Handlers\FileHandler' driver.
INFO - 2025-03-03 22:45:20 --> Session: Class initialized using 'CodeIgniter\Session\Handlers\FileHandler' driver.
INFO - 2025-03-03 22:45:23 --> Session: Class initialized using 'CodeIgniter\Session\Handlers\FileHandler' driver.
INFO - 2025-03-03 22:45:27 --> Session: Class initialized using 'CodeIgniter\Session\Handlers\FileHandler' driver.
INFO - 2025-03-03 22:45:31 --> Session: Class initialized using 'CodeIgniter\Session\Handlers\FileHandler' driver.
INFO - 2025-03-03 22:45:38 --> Session: Class initialized using 'CodeIgniter\Session\Handlers\FileHandler' driver.
INFO - 2025-03-03 22:45:44 --> Session: Class initialized using 'CodeIgniter\Session\Handlers\FileHandler' driver.
INFO - 2025-03-03 22:45:47 --> Session: Class initialized using 'CodeIgniter\Session\Handlers\FileHandler' driver.
INFO - 2025-03-03 22:45:48 --> Session: Class initialized using 'CodeIgniter\Session\Handlers\FileHandler' driver.
INFO - 2025-03-03 22:45:49 --> Session: Class initialized using 'CodeIgniter\Session\Handlers\FileHandler' driver.
INFO - 2025-03-03 22:45:50 --> Session: Class initialized using 'CodeIgniter\Session\Handlers\FileHandler' driver.
INFO - 2025-03-03 22:45:51 --> Session: Class initialized using 'CodeIgniter\Session\Handlers\FileHandler' driver.
INFO - 2025-03-03 22:45:52 --> Session: Class initialized using 'CodeIgniter\Session\Handlers\FileHandler' driver.
INFO - 2025-03-03 22:45:54 --> Session: Class initialized using 'CodeIgniter\Session\Handlers\FileHandler' driver.
INFO - 2025-03-03 22:45:54 --> Session: Class initialized using 'CodeIgniter\Session\Handlers\FileHandler' driver.
INFO - 2025-03-03 22:46:52 --> Session: Class initialized using 'CodeIgniter\Session\Handlers\FileHandler' driver.
INFO - 2025-03-03 22:46:53 --> Session: Class initialized using 'CodeIgniter\Session\Handlers\FileHandler' driver.
INFO - 2025-03-03 22:46:54 --> Session: Class initialized using 'CodeIgniter\Session\Handlers\FileHandler' driver.
INFO - 2025-03-03 22:46:55 --> Session: Class initialized using 'CodeIgniter\Session\Handlers\FileHandler' driver.
INFO - 2025-03-03 22:46:56 --> Session: Class initialized using 'CodeIgniter\Session\Handlers\FileHandler' driver.
INFO - 2025-03-03 22:47:00 --> Session: Class initialized using 'CodeIgniter\Session\Handlers\FileHandler' driver.
INFO - 2025-03-03 22:47:02 --> Session: Class initialized using 'CodeIgniter\Session\Handlers\FileHandler' driver.
INFO - 2025-03-03 22:47:03 --> Session: Class initialized using 'CodeIgniter\Session\Handlers\FileHandler' driver.
INFO - 2025-03-03 22:47:06 --> Session: Class initialized using 'CodeIgniter\Session\Handlers\FileHandler' driver.
INFO - 2025-03-03 22:47:08 --> Session: Class initialized using 'CodeIgniter\Session\Handlers\FileHandler' driver.
INFO - 2025-03-03 22:47:10 --> Session: Class initialized using 'CodeIgniter\Session\Handlers\FileHandler' driver.
INFO - 2025-03-03 22:47:11 --> Session: Class initialized using 'CodeIgniter\Session\Handlers\FileHandler' driver.
INFO - 2025-03-03 22:47:12 --> Session: Class initialized using 'CodeIgniter\Session\Handlers\FileHandler' driver.
INFO - 2025-03-03 22:47:13 --> Session: Class initialized using 'CodeIgniter\Session\Handlers\FileHandler' driver.
INFO - 2025-03-03 22:47:14 --> Session: Class initialized using 'CodeIgniter\Session\Handlers\FileHandler' driver.
INFO - 2025-03-03 22:47:15 --> Session: Class initialized using 'CodeIgniter\Session\Handlers\FileHandler' driver.
INFO - 2025-03-03 22:47:16 --> Session: Class initialized using 'CodeIgniter\Session\Handlers\FileHandler' driver.
INFO - 2025-03-03 22:47:17 --> Session: Class initialized using 'CodeIgniter\Session\Handlers\FileHandler' driver.
INFO - 2025-03-03 22:47:19 --> Session: Class initialized using 'CodeIgniter\Session\Handlers\FileHandler' driver.
INFO - 2025-03-03 22:47:20 --> Session: Class initialized using 'CodeIgniter\Session\Handlers\FileHandler' driver.
INFO - 2025-03-03 22:49:18 --> Session: Class initialized using 'CodeIgniter\Session\Handlers\FileHandler' driver.
INFO - 2025-03-03 22:49:19 --> Session: Class initialized using 'CodeIgniter\Session\Handlers\FileHandler' driver.
INFO - 2025-03-03 22:49:40 --> Session: Class initialized using 'CodeIgniter\Session\Handlers\FileHandler' driver.
INFO - 2025-03-03 22:50:26 --> Session: Class initialized using 'CodeIgniter\Session\Handlers\FileHandler' driver.
INFO - 2025-03-03 22:50:31 --> Session: Class initialized using 'CodeIgniter\Session\Handlers\FileHandler' driver.
