CRITICAL - 2025-03-13 01:31:46 --> TypeError: Cannot access offset of type string on string
[Method: GET, Route: librosderecho]
in APPPATH\Views\layouts\layoutFront.php on line 109.
 1 SYSTEMPATH\View\View.php(234): include()
 2 SYSTEMPATH\View\View.php(237): CodeIgniter\View\View->CodeIgniter\View\{closure}()
 3 SYSTEMPATH\View\View.php(250): CodeIgniter\View\View->render('layouts/layoutFront.php', [], true)
 4 SYSTEMPATH\Common.php(1169): CodeIgniter\View\View->render('derecho', [], true)
 5 APPPATH\Controllers\Home.php(60): view('derecho', [...])
 6 SYSTEMPATH\CodeIgniter.php(933): App\Controllers\Home->mostrarderecho()
 7 SYSTEMPATH\CodeIgniter.php(509): CodeIgniter\CodeIgniter->runController(Object(App\Controllers\Home))
 8 SYSTEMPATH\CodeIgniter.php(355): CodeIgniter\CodeIgniter->handleRequest(null, Object(Config\Cache), false)
 9 SYSTEMPATH\Boot.php(325): CodeIgniter\CodeIgniter->run()
10 SYSTEMPATH\Boot.php(67): CodeIgniter\Boot::runCodeIgniter(Object(CodeIgniter\CodeIgniter))
11 FCPATH\index.php(56): CodeIgniter\Boot::bootWeb(Object(Config\Paths))
CRITICAL - 2025-03-13 01:31:46 --> TypeError: Cannot access offset of type string on string
[Method: GET, Route: librosderecho]
in APPPATH\Views\layouts\layoutFront.php on line 109.
 1 SYSTEMPATH\View\View.php(234): include()
 2 SYSTEMPATH\View\View.php(237): CodeIgniter\View\View->CodeIgniter\View\{closure}()
 3 SYSTEMPATH\View\View.php(250): CodeIgniter\View\View->render('layouts/layoutFront.php', [], true)
 4 SYSTEMPATH\Common.php(1169): CodeIgniter\View\View->render('derecho', [], true)
 5 APPPATH\Controllers\Home.php(60): view('derecho', [...])
 6 SYSTEMPATH\CodeIgniter.php(933): App\Controllers\Home->mostrarderecho()
 7 SYSTEMPATH\CodeIgniter.php(509): CodeIgniter\CodeIgniter->runController(Object(App\Controllers\Home))
 8 SYSTEMPATH\CodeIgniter.php(355): CodeIgniter\CodeIgniter->handleRequest(null, Object(Config\Cache), false)
 9 SYSTEMPATH\Boot.php(325): CodeIgniter\CodeIgniter->run()
10 SYSTEMPATH\Boot.php(67): CodeIgniter\Boot::runCodeIgniter(Object(CodeIgniter\CodeIgniter))
11 FCPATH\index.php(56): CodeIgniter\Boot::bootWeb(Object(Config\Paths))
CRITICAL - 2025-03-13 01:31:46 --> TypeError: Cannot access offset of type string on string
[Method: GET, Route: librosderecho]
in APPPATH\Views\layouts\layoutFront.php on line 109.
 1 SYSTEMPATH\View\View.php(234): include()
 2 SYSTEMPATH\View\View.php(237): CodeIgniter\View\View->CodeIgniter\View\{closure}()
 3 SYSTEMPATH\View\View.php(250): CodeIgniter\View\View->render('layouts/layoutFront.php', [], true)
 4 SYSTEMPATH\Common.php(1169): CodeIgniter\View\View->render('derecho', [], true)
 5 APPPATH\Controllers\Home.php(60): view('derecho', [...])
 6 SYSTEMPATH\CodeIgniter.php(933): App\Controllers\Home->mostrarderecho()
 7 SYSTEMPATH\CodeIgniter.php(509): CodeIgniter\CodeIgniter->runController(Object(App\Controllers\Home))
 8 SYSTEMPATH\CodeIgniter.php(355): CodeIgniter\CodeIgniter->handleRequest(null, Object(Config\Cache), false)
 9 SYSTEMPATH\Boot.php(325): CodeIgniter\CodeIgniter->run()
10 SYSTEMPATH\Boot.php(67): CodeIgniter\Boot::runCodeIgniter(Object(CodeIgniter\CodeIgniter))
11 FCPATH\index.php(56): CodeIgniter\Boot::bootWeb(Object(Config\Paths))
CRITICAL - 2025-03-13 01:36:23 --> ErrorException: Attempt to read property "descripcion" on string
[Method: GET, Route: librosderecho]
in APPPATH\Views\layouts\layoutFront.php on line 109.
 1 APPPATH\Views\layouts\layoutFront.php(109): CodeIgniter\Debug\Exceptions->errorHandler(2, 'Attempt to read property "descripcion" on string', 'C:\\xampp\\htdocs\\bibliotecadigital\\app\\Views\\layouts\\layoutFront.php', 109)
 2 SYSTEMPATH\View\View.php(234): include('C:\\xampp\\htdocs\\bibliotecadigital\\app\\Views\\layouts\\layoutFront.php')
 3 SYSTEMPATH\View\View.php(237): CodeIgniter\View\View->CodeIgniter\View\{closure}()
 4 SYSTEMPATH\View\View.php(250): CodeIgniter\View\View->render('layouts/layoutFront.php', [], true)
 5 SYSTEMPATH\Common.php(1169): CodeIgniter\View\View->render('derecho', [], true)
 6 APPPATH\Controllers\Home.php(60): view('derecho', [...])
 7 SYSTEMPATH\CodeIgniter.php(933): App\Controllers\Home->mostrarderecho()
 8 SYSTEMPATH\CodeIgniter.php(509): CodeIgniter\CodeIgniter->runController(Object(App\Controllers\Home))
 9 SYSTEMPATH\CodeIgniter.php(355): CodeIgniter\CodeIgniter->handleRequest(null, Object(Config\Cache), false)
10 SYSTEMPATH\Boot.php(325): CodeIgniter\CodeIgniter->run()
11 SYSTEMPATH\Boot.php(67): CodeIgniter\Boot::runCodeIgniter(Object(CodeIgniter\CodeIgniter))
12 FCPATH\index.php(56): CodeIgniter\Boot::bootWeb(Object(Config\Paths))
CRITICAL - 2025-03-13 01:36:40 --> TypeError: Cannot access offset of type string on string
[Method: GET, Route: librosderecho]
in APPPATH\Views\layouts\layoutFront.php on line 109.
 1 SYSTEMPATH\View\View.php(234): include()
 2 SYSTEMPATH\View\View.php(237): CodeIgniter\View\View->CodeIgniter\View\{closure}()
 3 SYSTEMPATH\View\View.php(250): CodeIgniter\View\View->render('layouts/layoutFront.php', [], true)
 4 SYSTEMPATH\Common.php(1169): CodeIgniter\View\View->render('derecho', [], true)
 5 APPPATH\Controllers\Home.php(60): view('derecho', [...])
 6 SYSTEMPATH\CodeIgniter.php(933): App\Controllers\Home->mostrarderecho()
 7 SYSTEMPATH\CodeIgniter.php(509): CodeIgniter\CodeIgniter->runController(Object(App\Controllers\Home))
 8 SYSTEMPATH\CodeIgniter.php(355): CodeIgniter\CodeIgniter->handleRequest(null, Object(Config\Cache), false)
 9 SYSTEMPATH\Boot.php(325): CodeIgniter\CodeIgniter->run()
10 SYSTEMPATH\Boot.php(67): CodeIgniter\Boot::runCodeIgniter(Object(CodeIgniter\CodeIgniter))
11 FCPATH\index.php(56): CodeIgniter\Boot::bootWeb(Object(Config\Paths))
CRITICAL - 2025-03-13 01:53:33 --> ErrorException: Undefined variable $carreras
[Method: GET, Route: librosporcarrera/1]
in APPPATH\Views\libreria.php on line 58.
 1 APPPATH\Views\libreria.php(58): CodeIgniter\Debug\Exceptions->errorHandler(2, 'Undefined variable $carreras', 'C:\\xampp\\htdocs\\bibliotecadigital\\app\\Views\\libreria.php', 58)
 2 SYSTEMPATH\View\View.php(234): include('C:\\xampp\\htdocs\\bibliotecadigital\\app\\Views\\libreria.php')
 3 SYSTEMPATH\View\View.php(237): CodeIgniter\View\View->CodeIgniter\View\{closure}()
 4 SYSTEMPATH\Common.php(1169): CodeIgniter\View\View->render('libreria', [], true)
 5 APPPATH\Controllers\Home.php(49): view('libreria', [...])
 6 SYSTEMPATH\CodeIgniter.php(933): App\Controllers\Home->mostrarporcarrera('1')
 7 SYSTEMPATH\CodeIgniter.php(509): CodeIgniter\CodeIgniter->runController(Object(App\Controllers\Home))
 8 SYSTEMPATH\CodeIgniter.php(355): CodeIgniter\CodeIgniter->handleRequest(null, Object(Config\Cache), false)
 9 SYSTEMPATH\Boot.php(325): CodeIgniter\CodeIgniter->run()
10 SYSTEMPATH\Boot.php(67): CodeIgniter\Boot::runCodeIgniter(Object(CodeIgniter\CodeIgniter))
11 FCPATH\index.php(56): CodeIgniter\Boot::bootWeb(Object(Config\Paths))
CRITICAL - 2025-03-13 02:03:01 --> ErrorException: Attempt to read property "titulo" on null
[Method: GET, Route: libroscarreras/assets/img/icon/shuffle.svg]
in APPPATH\Views\detalle.php on line 13.
 1 APPPATH\Views\detalle.php(13): CodeIgniter\Debug\Exceptions->errorHandler(2, 'Attempt to read property "titulo" on null', 'C:\\xampp\\htdocs\\bibliotecadigital\\app\\Views\\detalle.php', 13)
 2 SYSTEMPATH\View\View.php(234): include('C:\\xampp\\htdocs\\bibliotecadigital\\app\\Views\\detalle.php')
 3 SYSTEMPATH\View\View.php(237): CodeIgniter\View\View->CodeIgniter\View\{closure}()
 4 SYSTEMPATH\Common.php(1169): CodeIgniter\View\View->render('detalle', [], true)
 5 APPPATH\Controllers\Home.php(42): view('detalle', [...])
 6 SYSTEMPATH\CodeIgniter.php(933): App\Controllers\Home->mostrardetalle('assets', 'img', 'icon', 'shuffle.svg')
 7 SYSTEMPATH\CodeIgniter.php(509): CodeIgniter\CodeIgniter->runController(Object(App\Controllers\Home))
 8 SYSTEMPATH\CodeIgniter.php(355): CodeIgniter\CodeIgniter->handleRequest(null, Object(Config\Cache), false)
 9 SYSTEMPATH\Boot.php(325): CodeIgniter\CodeIgniter->run()
10 SYSTEMPATH\Boot.php(67): CodeIgniter\Boot::runCodeIgniter(Object(CodeIgniter\CodeIgniter))
11 FCPATH\index.php(56): CodeIgniter\Boot::bootWeb(Object(Config\Paths))
CRITICAL - 2025-03-13 02:03:08 --> ErrorException: Attempt to read property "titulo" on null
[Method: GET, Route: libroscarreras/assets/img/plane-shape.png]
in APPPATH\Views\detalle.php on line 13.
 1 APPPATH\Views\detalle.php(13): CodeIgniter\Debug\Exceptions->errorHandler(2, 'Attempt to read property "titulo" on null', 'C:\\xampp\\htdocs\\bibliotecadigital\\app\\Views\\detalle.php', 13)
 2 SYSTEMPATH\View\View.php(234): include('C:\\xampp\\htdocs\\bibliotecadigital\\app\\Views\\detalle.php')
 3 SYSTEMPATH\View\View.php(237): CodeIgniter\View\View->CodeIgniter\View\{closure}()
 4 SYSTEMPATH\Common.php(1169): CodeIgniter\View\View->render('detalle', [], true)
 5 APPPATH\Controllers\Home.php(42): view('detalle', [...])
 6 SYSTEMPATH\CodeIgniter.php(933): App\Controllers\Home->mostrardetalle('assets', 'img', 'plane-shape.png')
 7 SYSTEMPATH\CodeIgniter.php(509): CodeIgniter\CodeIgniter->runController(Object(App\Controllers\Home))
 8 SYSTEMPATH\CodeIgniter.php(355): CodeIgniter\CodeIgniter->handleRequest(null, Object(Config\Cache), false)
 9 SYSTEMPATH\Boot.php(325): CodeIgniter\CodeIgniter->run()
10 SYSTEMPATH\Boot.php(67): CodeIgniter\Boot::runCodeIgniter(Object(CodeIgniter\CodeIgniter))
11 FCPATH\index.php(56): CodeIgniter\Boot::bootWeb(Object(Config\Paths))
INFO - 2025-03-13 02:03:36 --> Session: Class initialized using 'CodeIgniter\Session\Handlers\FileHandler' driver.
INFO - 2025-03-13 02:03:38 --> Session: Class initialized using 'CodeIgniter\Session\Handlers\FileHandler' driver.
INFO - 2025-03-13 02:06:37 --> Session: Class initialized using 'CodeIgniter\Session\Handlers\FileHandler' driver.
INFO - 2025-03-13 02:06:44 --> Session: Class initialized using 'CodeIgniter\Session\Handlers\FileHandler' driver.
INFO - 2025-03-13 02:06:46 --> Session: Class initialized using 'CodeIgniter\Session\Handlers\FileHandler' driver.
CRITICAL - 2025-03-13 02:27:32 --> ErrorException: Maximum execution time of 120 seconds exceeded
[Method: GET, Route: libroscarreras]
in SYSTEMPATH\HTTP\Response.php on line 36.
 1 [internal function]: CodeIgniter\Debug\Exceptions->shutdownHandler()
CRITICAL - 2025-03-13 02:28:17 --> ErrorException: Maximum execution time of 120 seconds exceeded
[Method: GET, Route: /]
in SYSTEMPATH\Autoloader\Autoloader.php on line 316.
 1 [internal function]: CodeIgniter\Debug\Exceptions->shutdownHandler()
INFO - 2025-03-13 02:36:24 --> Session: Class initialized using 'CodeIgniter\Session\Handlers\FileHandler' driver.
INFO - 2025-03-13 02:36:36 --> Session: Class initialized using 'CodeIgniter\Session\Handlers\FileHandler' driver.
CRITICAL - 2025-03-13 02:36:37 --> Error: Call to undefined function sesion()
[Method: GET, Route: admbiblioteca]
in APPPATH\Views\layouts\layoutadm.php on line 482.
 1 SYSTEMPATH\View\View.php(234): include()
 2 SYSTEMPATH\View\View.php(237): CodeIgniter\View\View->CodeIgniter\View\{closure}()
 3 SYSTEMPATH\View\View.php(250): CodeIgniter\View\View->render('layouts/layoutadm.php', [], true)
 4 SYSTEMPATH\Common.php(1169): CodeIgniter\View\View->render('alumno/biblioteca', [], true)
 5 APPPATH\Controllers\Alumnos.php(70): view('alumno/biblioteca', [...])
 6 SYSTEMPATH\CodeIgniter.php(933): App\Controllers\Alumnos->inicio()
 7 SYSTEMPATH\CodeIgniter.php(509): CodeIgniter\CodeIgniter->runController(Object(App\Controllers\Alumnos))
 8 SYSTEMPATH\CodeIgniter.php(355): CodeIgniter\CodeIgniter->handleRequest(null, Object(Config\Cache), false)
 9 SYSTEMPATH\Boot.php(325): CodeIgniter\CodeIgniter->run()
10 SYSTEMPATH\Boot.php(67): CodeIgniter\Boot::runCodeIgniter(Object(CodeIgniter\CodeIgniter))
11 FCPATH\index.php(56): CodeIgniter\Boot::bootWeb(Object(Config\Paths))
INFO - 2025-03-13 02:37:08 --> Session: Class initialized using 'CodeIgniter\Session\Handlers\FileHandler' driver.
INFO - 2025-03-13 02:37:45 --> Session: Class initialized using 'CodeIgniter\Session\Handlers\FileHandler' driver.
CRITICAL - 2025-03-13 02:37:49 --> ErrorException: Attempt to read property "titulo" on null
[Method: GET, Route: consulta/assets/img/icon/shuffle.svg]
in APPPATH\Views\alumno\detalle.php on line 13.
 1 APPPATH\Views\alumno\detalle.php(13): CodeIgniter\Debug\Exceptions->errorHandler(2, 'Attempt to read property "titulo" on null', 'C:\\xampp\\htdocs\\bibliotecadigital\\app\\Views\\alumno\\detalle.php', 13)
 2 SYSTEMPATH\View\View.php(234): include('C:\\xampp\\htdocs\\bibliotecadigital\\app\\Views\\alumno\\detalle.php')
 3 SYSTEMPATH\View\View.php(237): CodeIgniter\View\View->CodeIgniter\View\{closure}()
 4 SYSTEMPATH\Common.php(1169): CodeIgniter\View\View->render('alumno/detalle', [], true)
 5 APPPATH\Controllers\Alumnos.php(84): view('alumno/detalle', [...])
 6 SYSTEMPATH\CodeIgniter.php(933): App\Controllers\Alumnos->mostrardetalle('assets', 'img', 'icon', 'shuffle.svg')
 7 SYSTEMPATH\CodeIgniter.php(509): CodeIgniter\CodeIgniter->runController(Object(App\Controllers\Alumnos))
 8 SYSTEMPATH\CodeIgniter.php(355): CodeIgniter\CodeIgniter->handleRequest(null, Object(Config\Cache), false)
 9 SYSTEMPATH\Boot.php(325): CodeIgniter\CodeIgniter->run()
10 SYSTEMPATH\Boot.php(67): CodeIgniter\Boot::runCodeIgniter(Object(CodeIgniter\CodeIgniter))
11 FCPATH\index.php(56): CodeIgniter\Boot::bootWeb(Object(Config\Paths))
CRITICAL - 2025-03-13 02:38:01 --> ErrorException: Attempt to read property "titulo" on null
[Method: GET, Route: consulta/assets/img/plane-shape.png]
in APPPATH\Views\alumno\detalle.php on line 13.
 1 APPPATH\Views\alumno\detalle.php(13): CodeIgniter\Debug\Exceptions->errorHandler(2, 'Attempt to read property "titulo" on null', 'C:\\xampp\\htdocs\\bibliotecadigital\\app\\Views\\alumno\\detalle.php', 13)
 2 SYSTEMPATH\View\View.php(234): include('C:\\xampp\\htdocs\\bibliotecadigital\\app\\Views\\alumno\\detalle.php')
 3 SYSTEMPATH\View\View.php(237): CodeIgniter\View\View->CodeIgniter\View\{closure}()
 4 SYSTEMPATH\Common.php(1169): CodeIgniter\View\View->render('alumno/detalle', [], true)
 5 APPPATH\Controllers\Alumnos.php(84): view('alumno/detalle', [...])
 6 SYSTEMPATH\CodeIgniter.php(933): App\Controllers\Alumnos->mostrardetalle('assets', 'img', 'plane-shape.png')
 7 SYSTEMPATH\CodeIgniter.php(509): CodeIgniter\CodeIgniter->runController(Object(App\Controllers\Alumnos))
 8 SYSTEMPATH\CodeIgniter.php(355): CodeIgniter\CodeIgniter->handleRequest(null, Object(Config\Cache), false)
 9 SYSTEMPATH\Boot.php(325): CodeIgniter\CodeIgniter->run()
10 SYSTEMPATH\Boot.php(67): CodeIgniter\Boot::runCodeIgniter(Object(CodeIgniter\CodeIgniter))
11 FCPATH\index.php(56): CodeIgniter\Boot::bootWeb(Object(Config\Paths))
CRITICAL - 2025-03-13 02:38:02 --> ErrorException: Attempt to read property "titulo" on null
[Method: GET, Route: consulta/assets/img/logo/white-logo.svg]
in APPPATH\Views\alumno\detalle.php on line 13.
 1 APPPATH\Views\alumno\detalle.php(13): CodeIgniter\Debug\Exceptions->errorHandler(2, 'Attempt to read property "titulo" on null', 'C:\\xampp\\htdocs\\bibliotecadigital\\app\\Views\\alumno\\detalle.php', 13)
 2 SYSTEMPATH\View\View.php(234): include('C:\\xampp\\htdocs\\bibliotecadigital\\app\\Views\\alumno\\detalle.php')
 3 SYSTEMPATH\View\View.php(237): CodeIgniter\View\View->CodeIgniter\View\{closure}()
 4 SYSTEMPATH\Common.php(1169): CodeIgniter\View\View->render('alumno/detalle', [], true)
 5 APPPATH\Controllers\Alumnos.php(84): view('alumno/detalle', [...])
 6 SYSTEMPATH\CodeIgniter.php(933): App\Controllers\Alumnos->mostrardetalle('assets', 'img', 'logo', 'white-logo.svg')
 7 SYSTEMPATH\CodeIgniter.php(509): CodeIgniter\CodeIgniter->runController(Object(App\Controllers\Alumnos))
 8 SYSTEMPATH\CodeIgniter.php(355): CodeIgniter\CodeIgniter->handleRequest(null, Object(Config\Cache), false)
 9 SYSTEMPATH\Boot.php(325): CodeIgniter\CodeIgniter->run()
10 SYSTEMPATH\Boot.php(67): CodeIgniter\Boot::runCodeIgniter(Object(CodeIgniter\CodeIgniter))
11 FCPATH\index.php(56): CodeIgniter\Boot::bootWeb(Object(Config\Paths))
INFO - 2025-03-13 02:38:23 --> Session: Class initialized using 'CodeIgniter\Session\Handlers\FileHandler' driver.
INFO - 2025-03-13 02:38:26 --> Session: Class initialized using 'CodeIgniter\Session\Handlers\FileHandler' driver.
CRITICAL - 2025-03-13 02:38:26 --> ErrorException: Attempt to read property "titulo" on null
[Method: GET, Route: leer/assets/img/icon/shuffle.svg]
in APPPATH\Views\alumno\lectura.php on line 13.
 1 APPPATH\Views\alumno\lectura.php(13): CodeIgniter\Debug\Exceptions->errorHandler(2, 'Attempt to read property "titulo" on null', 'C:\\xampp\\htdocs\\bibliotecadigital\\app\\Views\\alumno\\lectura.php', 13)
 2 SYSTEMPATH\View\View.php(234): include('C:\\xampp\\htdocs\\bibliotecadigital\\app\\Views\\alumno\\lectura.php')
 3 SYSTEMPATH\View\View.php(237): CodeIgniter\View\View->CodeIgniter\View\{closure}()
 4 SYSTEMPATH\Common.php(1169): CodeIgniter\View\View->render('alumno/lectura', [], true)
 5 APPPATH\Controllers\Alumnos.php(104): view('alumno/lectura', [...])
 6 SYSTEMPATH\CodeIgniter.php(933): App\Controllers\Alumnos->leer('assets', 'img', 'icon', 'shuffle.svg')
 7 SYSTEMPATH\CodeIgniter.php(509): CodeIgniter\CodeIgniter->runController(Object(App\Controllers\Alumnos))
 8 SYSTEMPATH\CodeIgniter.php(355): CodeIgniter\CodeIgniter->handleRequest(null, Object(Config\Cache), false)
 9 SYSTEMPATH\Boot.php(325): CodeIgniter\CodeIgniter->run()
10 SYSTEMPATH\Boot.php(67): CodeIgniter\Boot::runCodeIgniter(Object(CodeIgniter\CodeIgniter))
11 FCPATH\index.php(56): CodeIgniter\Boot::bootWeb(Object(Config\Paths))
INFO - 2025-03-13 02:38:27 --> Session: Class initialized using 'CodeIgniter\Session\Handlers\FileHandler' driver.
CRITICAL - 2025-03-13 02:38:27 --> ErrorException: Attempt to read property "titulo" on null
[Method: GET, Route: leer/uploads/autores/1740614177_2d12338971989e97f888.png]
in APPPATH\Views\alumno\lectura.php on line 13.
 1 APPPATH\Views\alumno\lectura.php(13): CodeIgniter\Debug\Exceptions->errorHandler(2, 'Attempt to read property "titulo" on null', 'C:\\xampp\\htdocs\\bibliotecadigital\\app\\Views\\alumno\\lectura.php', 13)
 2 SYSTEMPATH\View\View.php(234): include('C:\\xampp\\htdocs\\bibliotecadigital\\app\\Views\\alumno\\lectura.php')
 3 SYSTEMPATH\View\View.php(237): CodeIgniter\View\View->CodeIgniter\View\{closure}()
 4 SYSTEMPATH\Common.php(1169): CodeIgniter\View\View->render('alumno/lectura', [], true)
 5 APPPATH\Controllers\Alumnos.php(104): view('alumno/lectura', [...])
 6 SYSTEMPATH\CodeIgniter.php(933): App\Controllers\Alumnos->leer('uploads', 'autores', '1740614177_2d12338971989e97f888.png')
 7 SYSTEMPATH\CodeIgniter.php(509): CodeIgniter\CodeIgniter->runController(Object(App\Controllers\Alumnos))
 8 SYSTEMPATH\CodeIgniter.php(355): CodeIgniter\CodeIgniter->handleRequest(null, Object(Config\Cache), false)
 9 SYSTEMPATH\Boot.php(325): CodeIgniter\CodeIgniter->run()
10 SYSTEMPATH\Boot.php(67): CodeIgniter\Boot::runCodeIgniter(Object(CodeIgniter\CodeIgniter))
11 FCPATH\index.php(56): CodeIgniter\Boot::bootWeb(Object(Config\Paths))
INFO - 2025-03-13 02:38:28 --> Session: Class initialized using 'CodeIgniter\Session\Handlers\FileHandler' driver.
CRITICAL - 2025-03-13 02:38:28 --> ErrorException: Attempt to read property "titulo" on null
[Method: GET, Route: leer/uploads/autores/1740614238_0d6d5d2aea0667305f3c.png]
in APPPATH\Views\alumno\lectura.php on line 13.
 1 APPPATH\Views\alumno\lectura.php(13): CodeIgniter\Debug\Exceptions->errorHandler(2, 'Attempt to read property "titulo" on null', 'C:\\xampp\\htdocs\\bibliotecadigital\\app\\Views\\alumno\\lectura.php', 13)
 2 SYSTEMPATH\View\View.php(234): include('C:\\xampp\\htdocs\\bibliotecadigital\\app\\Views\\alumno\\lectura.php')
 3 SYSTEMPATH\View\View.php(237): CodeIgniter\View\View->CodeIgniter\View\{closure}()
 4 SYSTEMPATH\Common.php(1169): CodeIgniter\View\View->render('alumno/lectura', [], true)
 5 APPPATH\Controllers\Alumnos.php(104): view('alumno/lectura', [...])
 6 SYSTEMPATH\CodeIgniter.php(933): App\Controllers\Alumnos->leer('uploads', 'autores', '1740614238_0d6d5d2aea0667305f3c.png')
 7 SYSTEMPATH\CodeIgniter.php(509): CodeIgniter\CodeIgniter->runController(Object(App\Controllers\Alumnos))
 8 SYSTEMPATH\CodeIgniter.php(355): CodeIgniter\CodeIgniter->handleRequest(null, Object(Config\Cache), false)
 9 SYSTEMPATH\Boot.php(325): CodeIgniter\CodeIgniter->run()
10 SYSTEMPATH\Boot.php(67): CodeIgniter\Boot::runCodeIgniter(Object(CodeIgniter\CodeIgniter))
11 FCPATH\index.php(56): CodeIgniter\Boot::bootWeb(Object(Config\Paths))
INFO - 2025-03-13 02:38:28 --> Session: Class initialized using 'CodeIgniter\Session\Handlers\FileHandler' driver.
CRITICAL - 2025-03-13 02:38:29 --> ErrorException: Attempt to read property "titulo" on null
[Method: GET, Route: leer/assets/img/plane-shape.png]
in APPPATH\Views\alumno\lectura.php on line 13.
 1 APPPATH\Views\alumno\lectura.php(13): CodeIgniter\Debug\Exceptions->errorHandler(2, 'Attempt to read property "titulo" on null', 'C:\\xampp\\htdocs\\bibliotecadigital\\app\\Views\\alumno\\lectura.php', 13)
 2 SYSTEMPATH\View\View.php(234): include('C:\\xampp\\htdocs\\bibliotecadigital\\app\\Views\\alumno\\lectura.php')
 3 SYSTEMPATH\View\View.php(237): CodeIgniter\View\View->CodeIgniter\View\{closure}()
 4 SYSTEMPATH\Common.php(1169): CodeIgniter\View\View->render('alumno/lectura', [], true)
 5 APPPATH\Controllers\Alumnos.php(104): view('alumno/lectura', [...])
 6 SYSTEMPATH\CodeIgniter.php(933): App\Controllers\Alumnos->leer('assets', 'img', 'plane-shape.png')
 7 SYSTEMPATH\CodeIgniter.php(509): CodeIgniter\CodeIgniter->runController(Object(App\Controllers\Alumnos))
 8 SYSTEMPATH\CodeIgniter.php(355): CodeIgniter\CodeIgniter->handleRequest(null, Object(Config\Cache), false)
 9 SYSTEMPATH\Boot.php(325): CodeIgniter\CodeIgniter->run()
10 SYSTEMPATH\Boot.php(67): CodeIgniter\Boot::runCodeIgniter(Object(CodeIgniter\CodeIgniter))
11 FCPATH\index.php(56): CodeIgniter\Boot::bootWeb(Object(Config\Paths))
INFO - 2025-03-13 02:38:30 --> Session: Class initialized using 'CodeIgniter\Session\Handlers\FileHandler' driver.
CRITICAL - 2025-03-13 02:38:30 --> ErrorException: Attempt to read property "titulo" on null
[Method: GET, Route: leer/assets/img/logo/white-logo.svg]
in APPPATH\Views\alumno\lectura.php on line 13.
 1 APPPATH\Views\alumno\lectura.php(13): CodeIgniter\Debug\Exceptions->errorHandler(2, 'Attempt to read property "titulo" on null', 'C:\\xampp\\htdocs\\bibliotecadigital\\app\\Views\\alumno\\lectura.php', 13)
 2 SYSTEMPATH\View\View.php(234): include('C:\\xampp\\htdocs\\bibliotecadigital\\app\\Views\\alumno\\lectura.php')
 3 SYSTEMPATH\View\View.php(237): CodeIgniter\View\View->CodeIgniter\View\{closure}()
 4 SYSTEMPATH\Common.php(1169): CodeIgniter\View\View->render('alumno/lectura', [], true)
 5 APPPATH\Controllers\Alumnos.php(104): view('alumno/lectura', [...])
 6 SYSTEMPATH\CodeIgniter.php(933): App\Controllers\Alumnos->leer('assets', 'img', 'logo', 'white-logo.svg')
 7 SYSTEMPATH\CodeIgniter.php(509): CodeIgniter\CodeIgniter->runController(Object(App\Controllers\Alumnos))
 8 SYSTEMPATH\CodeIgniter.php(355): CodeIgniter\CodeIgniter->handleRequest(null, Object(Config\Cache), false)
 9 SYSTEMPATH\Boot.php(325): CodeIgniter\CodeIgniter->run()
10 SYSTEMPATH\Boot.php(67): CodeIgniter\Boot::runCodeIgniter(Object(CodeIgniter\CodeIgniter))
11 FCPATH\index.php(56): CodeIgniter\Boot::bootWeb(Object(Config\Paths))
INFO - 2025-03-13 02:57:33 --> Session: Class initialized using 'CodeIgniter\Session\Handlers\FileHandler' driver.
INFO - 2025-03-13 02:58:01 --> Session: Class initialized using 'CodeIgniter\Session\Handlers\FileHandler' driver.
CRITICAL - 2025-03-13 03:03:25 --> ErrorException: Attempt to read property "titulo" on null
[Method: GET, Route: libroscarreras/assets/img/icon/shuffle.svg]
in APPPATH\Views\detalle.php on line 13.
 1 APPPATH\Views\detalle.php(13): CodeIgniter\Debug\Exceptions->errorHandler(2, 'Attempt to read property "titulo" on null', 'C:\\xampp\\htdocs\\bibliotecadigital\\app\\Views\\detalle.php', 13)
 2 SYSTEMPATH\View\View.php(234): include('C:\\xampp\\htdocs\\bibliotecadigital\\app\\Views\\detalle.php')
 3 SYSTEMPATH\View\View.php(237): CodeIgniter\View\View->CodeIgniter\View\{closure}()
 4 SYSTEMPATH\Common.php(1169): CodeIgniter\View\View->render('detalle', [], true)
 5 APPPATH\Controllers\Home.php(42): view('detalle', [...])
 6 SYSTEMPATH\CodeIgniter.php(933): App\Controllers\Home->mostrardetalle('assets', 'img', 'icon', 'shuffle.svg')
 7 SYSTEMPATH\CodeIgniter.php(509): CodeIgniter\CodeIgniter->runController(Object(App\Controllers\Home))
 8 SYSTEMPATH\CodeIgniter.php(355): CodeIgniter\CodeIgniter->handleRequest(null, Object(Config\Cache), false)
 9 SYSTEMPATH\Boot.php(325): CodeIgniter\CodeIgniter->run()
10 SYSTEMPATH\Boot.php(67): CodeIgniter\Boot::runCodeIgniter(Object(CodeIgniter\CodeIgniter))
11 FCPATH\index.php(56): CodeIgniter\Boot::bootWeb(Object(Config\Paths))
CRITICAL - 2025-03-13 03:03:33 --> ErrorException: Attempt to read property "titulo" on null
[Method: GET, Route: libroscarreras/assets/img/plane-shape.png]
in APPPATH\Views\detalle.php on line 13.
 1 APPPATH\Views\detalle.php(13): CodeIgniter\Debug\Exceptions->errorHandler(2, 'Attempt to read property "titulo" on null', 'C:\\xampp\\htdocs\\bibliotecadigital\\app\\Views\\detalle.php', 13)
 2 SYSTEMPATH\View\View.php(234): include('C:\\xampp\\htdocs\\bibliotecadigital\\app\\Views\\detalle.php')
 3 SYSTEMPATH\View\View.php(237): CodeIgniter\View\View->CodeIgniter\View\{closure}()
 4 SYSTEMPATH\Common.php(1169): CodeIgniter\View\View->render('detalle', [], true)
 5 APPPATH\Controllers\Home.php(42): view('detalle', [...])
 6 SYSTEMPATH\CodeIgniter.php(933): App\Controllers\Home->mostrardetalle('assets', 'img', 'plane-shape.png')
 7 SYSTEMPATH\CodeIgniter.php(509): CodeIgniter\CodeIgniter->runController(Object(App\Controllers\Home))
 8 SYSTEMPATH\CodeIgniter.php(355): CodeIgniter\CodeIgniter->handleRequest(null, Object(Config\Cache), false)
 9 SYSTEMPATH\Boot.php(325): CodeIgniter\CodeIgniter->run()
10 SYSTEMPATH\Boot.php(67): CodeIgniter\Boot::runCodeIgniter(Object(CodeIgniter\CodeIgniter))
11 FCPATH\index.php(56): CodeIgniter\Boot::bootWeb(Object(Config\Paths))
INFO - 2025-03-13 03:05:26 --> Session: Class initialized using 'CodeIgniter\Session\Handlers\FileHandler' driver.
INFO - 2025-03-13 03:05:30 --> Session: Class initialized using 'CodeIgniter\Session\Handlers\FileHandler' driver.
INFO - 2025-03-13 03:07:07 --> Session: Class initialized using 'CodeIgniter\Session\Handlers\FileHandler' driver.
INFO - 2025-03-13 03:08:13 --> Session: Class initialized using 'CodeIgniter\Session\Handlers\FileHandler' driver.
CRITICAL - 2025-03-13 03:08:15 --> ErrorException: Attempt to read property "titulo" on null
[Method: GET, Route: consulta/assets/img/icon/shuffle.svg]
in APPPATH\Views\alumno\detalle.php on line 13.
 1 APPPATH\Views\alumno\detalle.php(13): CodeIgniter\Debug\Exceptions->errorHandler(2, 'Attempt to read property "titulo" on null', 'C:\\xampp\\htdocs\\bibliotecadigital\\app\\Views\\alumno\\detalle.php', 13)
 2 SYSTEMPATH\View\View.php(234): include('C:\\xampp\\htdocs\\bibliotecadigital\\app\\Views\\alumno\\detalle.php')
 3 SYSTEMPATH\View\View.php(237): CodeIgniter\View\View->CodeIgniter\View\{closure}()
 4 SYSTEMPATH\Common.php(1169): CodeIgniter\View\View->render('alumno/detalle', [], true)
 5 APPPATH\Controllers\Alumnos.php(84): view('alumno/detalle', [...])
 6 SYSTEMPATH\CodeIgniter.php(933): App\Controllers\Alumnos->mostrardetalle('assets', 'img', 'icon', 'shuffle.svg')
 7 SYSTEMPATH\CodeIgniter.php(509): CodeIgniter\CodeIgniter->runController(Object(App\Controllers\Alumnos))
 8 SYSTEMPATH\CodeIgniter.php(355): CodeIgniter\CodeIgniter->handleRequest(null, Object(Config\Cache), false)
 9 SYSTEMPATH\Boot.php(325): CodeIgniter\CodeIgniter->run()
10 SYSTEMPATH\Boot.php(67): CodeIgniter\Boot::runCodeIgniter(Object(CodeIgniter\CodeIgniter))
11 FCPATH\index.php(56): CodeIgniter\Boot::bootWeb(Object(Config\Paths))
CRITICAL - 2025-03-13 03:08:40 --> ErrorException: Attempt to read property "titulo" on null
[Method: GET, Route: consulta/assets/img/plane-shape.png]
in APPPATH\Views\alumno\detalle.php on line 13.
 1 APPPATH\Views\alumno\detalle.php(13): CodeIgniter\Debug\Exceptions->errorHandler(2, 'Attempt to read property "titulo" on null', 'C:\\xampp\\htdocs\\bibliotecadigital\\app\\Views\\alumno\\detalle.php', 13)
 2 SYSTEMPATH\View\View.php(234): include('C:\\xampp\\htdocs\\bibliotecadigital\\app\\Views\\alumno\\detalle.php')
 3 SYSTEMPATH\View\View.php(237): CodeIgniter\View\View->CodeIgniter\View\{closure}()
 4 SYSTEMPATH\Common.php(1169): CodeIgniter\View\View->render('alumno/detalle', [], true)
 5 APPPATH\Controllers\Alumnos.php(84): view('alumno/detalle', [...])
 6 SYSTEMPATH\CodeIgniter.php(933): App\Controllers\Alumnos->mostrardetalle('assets', 'img', 'plane-shape.png')
 7 SYSTEMPATH\CodeIgniter.php(509): CodeIgniter\CodeIgniter->runController(Object(App\Controllers\Alumnos))
 8 SYSTEMPATH\CodeIgniter.php(355): CodeIgniter\CodeIgniter->handleRequest(null, Object(Config\Cache), false)
 9 SYSTEMPATH\Boot.php(325): CodeIgniter\CodeIgniter->run()
10 SYSTEMPATH\Boot.php(67): CodeIgniter\Boot::runCodeIgniter(Object(CodeIgniter\CodeIgniter))
11 FCPATH\index.php(56): CodeIgniter\Boot::bootWeb(Object(Config\Paths))
CRITICAL - 2025-03-13 03:08:41 --> ErrorException: Attempt to read property "titulo" on null
[Method: GET, Route: consulta/assets/img/logo/white-logo.svg]
in APPPATH\Views\alumno\detalle.php on line 13.
 1 APPPATH\Views\alumno\detalle.php(13): CodeIgniter\Debug\Exceptions->errorHandler(2, 'Attempt to read property "titulo" on null', 'C:\\xampp\\htdocs\\bibliotecadigital\\app\\Views\\alumno\\detalle.php', 13)
 2 SYSTEMPATH\View\View.php(234): include('C:\\xampp\\htdocs\\bibliotecadigital\\app\\Views\\alumno\\detalle.php')
 3 SYSTEMPATH\View\View.php(237): CodeIgniter\View\View->CodeIgniter\View\{closure}()
 4 SYSTEMPATH\Common.php(1169): CodeIgniter\View\View->render('alumno/detalle', [], true)
 5 APPPATH\Controllers\Alumnos.php(84): view('alumno/detalle', [...])
 6 SYSTEMPATH\CodeIgniter.php(933): App\Controllers\Alumnos->mostrardetalle('assets', 'img', 'logo', 'white-logo.svg')
 7 SYSTEMPATH\CodeIgniter.php(509): CodeIgniter\CodeIgniter->runController(Object(App\Controllers\Alumnos))
 8 SYSTEMPATH\CodeIgniter.php(355): CodeIgniter\CodeIgniter->handleRequest(null, Object(Config\Cache), false)
 9 SYSTEMPATH\Boot.php(325): CodeIgniter\CodeIgniter->run()
10 SYSTEMPATH\Boot.php(67): CodeIgniter\Boot::runCodeIgniter(Object(CodeIgniter\CodeIgniter))
11 FCPATH\index.php(56): CodeIgniter\Boot::bootWeb(Object(Config\Paths))
INFO - 2025-03-13 03:08:57 --> Session: Class initialized using 'CodeIgniter\Session\Handlers\FileHandler' driver.
INFO - 2025-03-13 03:09:34 --> Session: Class initialized using 'CodeIgniter\Session\Handlers\FileHandler' driver.
INFO - 2025-03-13 03:10:11 --> Session: Class initialized using 'CodeIgniter\Session\Handlers\FileHandler' driver.
CRITICAL - 2025-03-13 03:10:14 --> ErrorException: Attempt to read property "titulo" on null
[Method: GET, Route: leer/assets/img/icon/shuffle.svg]
in APPPATH\Views\alumno\lectura.php on line 13.
 1 APPPATH\Views\alumno\lectura.php(13): CodeIgniter\Debug\Exceptions->errorHandler(2, 'Attempt to read property "titulo" on null', 'C:\\xampp\\htdocs\\bibliotecadigital\\app\\Views\\alumno\\lectura.php', 13)
 2 SYSTEMPATH\View\View.php(234): include('C:\\xampp\\htdocs\\bibliotecadigital\\app\\Views\\alumno\\lectura.php')
 3 SYSTEMPATH\View\View.php(237): CodeIgniter\View\View->CodeIgniter\View\{closure}()
 4 SYSTEMPATH\Common.php(1169): CodeIgniter\View\View->render('alumno/lectura', [], true)
 5 APPPATH\Controllers\Alumnos.php(104): view('alumno/lectura', [...])
 6 SYSTEMPATH\CodeIgniter.php(933): App\Controllers\Alumnos->leer('assets', 'img', 'icon', 'shuffle.svg')
 7 SYSTEMPATH\CodeIgniter.php(509): CodeIgniter\CodeIgniter->runController(Object(App\Controllers\Alumnos))
 8 SYSTEMPATH\CodeIgniter.php(355): CodeIgniter\CodeIgniter->handleRequest(null, Object(Config\Cache), false)
 9 SYSTEMPATH\Boot.php(325): CodeIgniter\CodeIgniter->run()
10 SYSTEMPATH\Boot.php(67): CodeIgniter\Boot::runCodeIgniter(Object(CodeIgniter\CodeIgniter))
11 FCPATH\index.php(56): CodeIgniter\Boot::bootWeb(Object(Config\Paths))
INFO - 2025-03-13 03:11:19 --> Session: Class initialized using 'CodeIgniter\Session\Handlers\FileHandler' driver.
INFO - 2025-03-13 03:11:25 --> Session: Class initialized using 'CodeIgniter\Session\Handlers\FileHandler' driver.
CRITICAL - 2025-03-13 03:11:45 --> ErrorException: Attempt to read property "titulo" on null
[Method: GET, Route: leer/uploads/autores/1740614238_0d6d5d2aea0667305f3c.png]
in APPPATH\Views\alumno\lectura.php on line 13.
 1 APPPATH\Views\alumno\lectura.php(13): CodeIgniter\Debug\Exceptions->errorHandler(2, 'Attempt to read property "titulo" on null', 'C:\\xampp\\htdocs\\bibliotecadigital\\app\\Views\\alumno\\lectura.php', 13)
 2 SYSTEMPATH\View\View.php(234): include('C:\\xampp\\htdocs\\bibliotecadigital\\app\\Views\\alumno\\lectura.php')
 3 SYSTEMPATH\View\View.php(237): CodeIgniter\View\View->CodeIgniter\View\{closure}()
 4 SYSTEMPATH\Common.php(1169): CodeIgniter\View\View->render('alumno/lectura', [], true)
 5 APPPATH\Controllers\Alumnos.php(104): view('alumno/lectura', [...])
 6 SYSTEMPATH\CodeIgniter.php(933): App\Controllers\Alumnos->leer('uploads', 'autores', '1740614238_0d6d5d2aea0667305f3c.png')
 7 SYSTEMPATH\CodeIgniter.php(509): CodeIgniter\CodeIgniter->runController(Object(App\Controllers\Alumnos))
 8 SYSTEMPATH\CodeIgniter.php(355): CodeIgniter\CodeIgniter->handleRequest(null, Object(Config\Cache), false)
 9 SYSTEMPATH\Boot.php(325): CodeIgniter\CodeIgniter->run()
10 SYSTEMPATH\Boot.php(67): CodeIgniter\Boot::runCodeIgniter(Object(CodeIgniter\CodeIgniter))
11 FCPATH\index.php(56): CodeIgniter\Boot::bootWeb(Object(Config\Paths))
CRITICAL - 2025-03-13 03:12:07 --> ErrorException: Attempt to read property "titulo" on null
[Method: GET, Route: leer/uploads/autores/1740614177_2d12338971989e97f888.png]
in APPPATH\Views\alumno\lectura.php on line 13.
 1 APPPATH\Views\alumno\lectura.php(13): CodeIgniter\Debug\Exceptions->errorHandler(2, 'Attempt to read property "titulo" on null', 'C:\\xampp\\htdocs\\bibliotecadigital\\app\\Views\\alumno\\lectura.php', 13)
 2 SYSTEMPATH\View\View.php(234): include('C:\\xampp\\htdocs\\bibliotecadigital\\app\\Views\\alumno\\lectura.php')
 3 SYSTEMPATH\View\View.php(237): CodeIgniter\View\View->CodeIgniter\View\{closure}()
 4 SYSTEMPATH\Common.php(1169): CodeIgniter\View\View->render('alumno/lectura', [], true)
 5 APPPATH\Controllers\Alumnos.php(104): view('alumno/lectura', [...])
 6 SYSTEMPATH\CodeIgniter.php(933): App\Controllers\Alumnos->leer('uploads', 'autores', '1740614177_2d12338971989e97f888.png')
 7 SYSTEMPATH\CodeIgniter.php(509): CodeIgniter\CodeIgniter->runController(Object(App\Controllers\Alumnos))
 8 SYSTEMPATH\CodeIgniter.php(355): CodeIgniter\CodeIgniter->handleRequest(null, Object(Config\Cache), false)
 9 SYSTEMPATH\Boot.php(325): CodeIgniter\CodeIgniter->run()
10 SYSTEMPATH\Boot.php(67): CodeIgniter\Boot::runCodeIgniter(Object(CodeIgniter\CodeIgniter))
11 FCPATH\index.php(56): CodeIgniter\Boot::bootWeb(Object(Config\Paths))
INFO - 2025-03-13 03:12:10 --> Session: Class initialized using 'CodeIgniter\Session\Handlers\FileHandler' driver.
CRITICAL - 2025-03-13 03:12:13 --> ErrorException: Attempt to read property "titulo" on null
[Method: GET, Route: leer/assets/img/plane-shape.png]
in APPPATH\Views\alumno\lectura.php on line 13.
 1 APPPATH\Views\alumno\lectura.php(13): CodeIgniter\Debug\Exceptions->errorHandler(2, 'Attempt to read property "titulo" on null', 'C:\\xampp\\htdocs\\bibliotecadigital\\app\\Views\\alumno\\lectura.php', 13)
 2 SYSTEMPATH\View\View.php(234): include('C:\\xampp\\htdocs\\bibliotecadigital\\app\\Views\\alumno\\lectura.php')
 3 SYSTEMPATH\View\View.php(237): CodeIgniter\View\View->CodeIgniter\View\{closure}()
 4 SYSTEMPATH\Common.php(1169): CodeIgniter\View\View->render('alumno/lectura', [], true)
 5 APPPATH\Controllers\Alumnos.php(104): view('alumno/lectura', [...])
 6 SYSTEMPATH\CodeIgniter.php(933): App\Controllers\Alumnos->leer('assets', 'img', 'plane-shape.png')
 7 SYSTEMPATH\CodeIgniter.php(509): CodeIgniter\CodeIgniter->runController(Object(App\Controllers\Alumnos))
 8 SYSTEMPATH\CodeIgniter.php(355): CodeIgniter\CodeIgniter->handleRequest(null, Object(Config\Cache), false)
 9 SYSTEMPATH\Boot.php(325): CodeIgniter\CodeIgniter->run()
10 SYSTEMPATH\Boot.php(67): CodeIgniter\Boot::runCodeIgniter(Object(CodeIgniter\CodeIgniter))
11 FCPATH\index.php(56): CodeIgniter\Boot::bootWeb(Object(Config\Paths))
INFO - 2025-03-13 03:12:36 --> Session: Class initialized using 'CodeIgniter\Session\Handlers\FileHandler' driver.
CRITICAL - 2025-03-13 03:12:55 --> ErrorException: Attempt to read property "titulo" on null
[Method: GET, Route: leer/assets/img/logo/white-logo.svg]
in APPPATH\Views\alumno\lectura.php on line 13.
 1 APPPATH\Views\alumno\lectura.php(13): CodeIgniter\Debug\Exceptions->errorHandler(2, 'Attempt to read property "titulo" on null', 'C:\\xampp\\htdocs\\bibliotecadigital\\app\\Views\\alumno\\lectura.php', 13)
 2 SYSTEMPATH\View\View.php(234): include('C:\\xampp\\htdocs\\bibliotecadigital\\app\\Views\\alumno\\lectura.php')
 3 SYSTEMPATH\View\View.php(237): CodeIgniter\View\View->CodeIgniter\View\{closure}()
 4 SYSTEMPATH\Common.php(1169): CodeIgniter\View\View->render('alumno/lectura', [], true)
 5 APPPATH\Controllers\Alumnos.php(104): view('alumno/lectura', [...])
 6 SYSTEMPATH\CodeIgniter.php(933): App\Controllers\Alumnos->leer('assets', 'img', 'logo', 'white-logo.svg')
 7 SYSTEMPATH\CodeIgniter.php(509): CodeIgniter\CodeIgniter->runController(Object(App\Controllers\Alumnos))
 8 SYSTEMPATH\CodeIgniter.php(355): CodeIgniter\CodeIgniter->handleRequest(null, Object(Config\Cache), false)
 9 SYSTEMPATH\Boot.php(325): CodeIgniter\CodeIgniter->run()
10 SYSTEMPATH\Boot.php(67): CodeIgniter\Boot::runCodeIgniter(Object(CodeIgniter\CodeIgniter))
11 FCPATH\index.php(56): CodeIgniter\Boot::bootWeb(Object(Config\Paths))
INFO - 2025-03-13 03:14:36 --> Session: Class initialized using 'CodeIgniter\Session\Handlers\FileHandler' driver.
INFO - 2025-03-13 03:14:59 --> Session: Class initialized using 'CodeIgniter\Session\Handlers\FileHandler' driver.
CRITICAL - 2025-03-13 03:15:01 --> ErrorException: Attempt to read property "titulo" on null
[Method: GET, Route: leer/assets/img/icon/shuffle.svg]
in APPPATH\Views\alumno\lectura.php on line 13.
 1 APPPATH\Views\alumno\lectura.php(13): CodeIgniter\Debug\Exceptions->errorHandler(2, 'Attempt to read property "titulo" on null', 'C:\\xampp\\htdocs\\bibliotecadigital\\app\\Views\\alumno\\lectura.php', 13)
 2 SYSTEMPATH\View\View.php(234): include('C:\\xampp\\htdocs\\bibliotecadigital\\app\\Views\\alumno\\lectura.php')
 3 SYSTEMPATH\View\View.php(237): CodeIgniter\View\View->CodeIgniter\View\{closure}()
 4 SYSTEMPATH\Common.php(1169): CodeIgniter\View\View->render('alumno/lectura', [], true)
 5 APPPATH\Controllers\Alumnos.php(104): view('alumno/lectura', [...])
 6 SYSTEMPATH\CodeIgniter.php(933): App\Controllers\Alumnos->leer('assets', 'img', 'icon', 'shuffle.svg')
 7 SYSTEMPATH\CodeIgniter.php(509): CodeIgniter\CodeIgniter->runController(Object(App\Controllers\Alumnos))
 8 SYSTEMPATH\CodeIgniter.php(355): CodeIgniter\CodeIgniter->handleRequest(null, Object(Config\Cache), false)
 9 SYSTEMPATH\Boot.php(325): CodeIgniter\CodeIgniter->run()
10 SYSTEMPATH\Boot.php(67): CodeIgniter\Boot::runCodeIgniter(Object(CodeIgniter\CodeIgniter))
11 FCPATH\index.php(56): CodeIgniter\Boot::bootWeb(Object(Config\Paths))
INFO - 2025-03-13 03:15:06 --> Session: Class initialized using 'CodeIgniter\Session\Handlers\FileHandler' driver.
CRITICAL - 2025-03-13 03:15:10 --> ErrorException: Attempt to read property "titulo" on null
[Method: GET, Route: leer/uploads/autores/1740614177_2d12338971989e97f888.png]
in APPPATH\Views\alumno\lectura.php on line 13.
 1 APPPATH\Views\alumno\lectura.php(13): CodeIgniter\Debug\Exceptions->errorHandler(2, 'Attempt to read property "titulo" on null', 'C:\\xampp\\htdocs\\bibliotecadigital\\app\\Views\\alumno\\lectura.php', 13)
 2 SYSTEMPATH\View\View.php(234): include('C:\\xampp\\htdocs\\bibliotecadigital\\app\\Views\\alumno\\lectura.php')
 3 SYSTEMPATH\View\View.php(237): CodeIgniter\View\View->CodeIgniter\View\{closure}()
 4 SYSTEMPATH\Common.php(1169): CodeIgniter\View\View->render('alumno/lectura', [], true)
 5 APPPATH\Controllers\Alumnos.php(104): view('alumno/lectura', [...])
 6 SYSTEMPATH\CodeIgniter.php(933): App\Controllers\Alumnos->leer('uploads', 'autores', '1740614177_2d12338971989e97f888.png')
 7 SYSTEMPATH\CodeIgniter.php(509): CodeIgniter\CodeIgniter->runController(Object(App\Controllers\Alumnos))
 8 SYSTEMPATH\CodeIgniter.php(355): CodeIgniter\CodeIgniter->handleRequest(null, Object(Config\Cache), false)
 9 SYSTEMPATH\Boot.php(325): CodeIgniter\CodeIgniter->run()
10 SYSTEMPATH\Boot.php(67): CodeIgniter\Boot::runCodeIgniter(Object(CodeIgniter\CodeIgniter))
11 FCPATH\index.php(56): CodeIgniter\Boot::bootWeb(Object(Config\Paths))
INFO - 2025-03-13 03:15:24 --> Session: Class initialized using 'CodeIgniter\Session\Handlers\FileHandler' driver.
CRITICAL - 2025-03-13 03:15:26 --> ErrorException: Attempt to read property "titulo" on null
[Method: GET, Route: leer/assets/img/logo/white-logo.svg]
in APPPATH\Views\alumno\lectura.php on line 13.
 1 APPPATH\Views\alumno\lectura.php(13): CodeIgniter\Debug\Exceptions->errorHandler(2, 'Attempt to read property "titulo" on null', 'C:\\xampp\\htdocs\\bibliotecadigital\\app\\Views\\alumno\\lectura.php', 13)
 2 SYSTEMPATH\View\View.php(234): include('C:\\xampp\\htdocs\\bibliotecadigital\\app\\Views\\alumno\\lectura.php')
 3 SYSTEMPATH\View\View.php(237): CodeIgniter\View\View->CodeIgniter\View\{closure}()
 4 SYSTEMPATH\Common.php(1169): CodeIgniter\View\View->render('alumno/lectura', [], true)
 5 APPPATH\Controllers\Alumnos.php(104): view('alumno/lectura', [...])
 6 SYSTEMPATH\CodeIgniter.php(933): App\Controllers\Alumnos->leer('assets', 'img', 'logo', 'white-logo.svg')
 7 SYSTEMPATH\CodeIgniter.php(509): CodeIgniter\CodeIgniter->runController(Object(App\Controllers\Alumnos))
 8 SYSTEMPATH\CodeIgniter.php(355): CodeIgniter\CodeIgniter->handleRequest(null, Object(Config\Cache), false)
 9 SYSTEMPATH\Boot.php(325): CodeIgniter\CodeIgniter->run()
10 SYSTEMPATH\Boot.php(67): CodeIgniter\Boot::runCodeIgniter(Object(CodeIgniter\CodeIgniter))
11 FCPATH\index.php(56): CodeIgniter\Boot::bootWeb(Object(Config\Paths))
INFO - 2025-03-13 03:15:26 --> Session: Class initialized using 'CodeIgniter\Session\Handlers\FileHandler' driver.
CRITICAL - 2025-03-13 03:15:28 --> ErrorException: Attempt to read property "titulo" on null
[Method: GET, Route: leer/assets/img/plane-shape.png]
in APPPATH\Views\alumno\lectura.php on line 13.
 1 APPPATH\Views\alumno\lectura.php(13): CodeIgniter\Debug\Exceptions->errorHandler(2, 'Attempt to read property "titulo" on null', 'C:\\xampp\\htdocs\\bibliotecadigital\\app\\Views\\alumno\\lectura.php', 13)
 2 SYSTEMPATH\View\View.php(234): include('C:\\xampp\\htdocs\\bibliotecadigital\\app\\Views\\alumno\\lectura.php')
 3 SYSTEMPATH\View\View.php(237): CodeIgniter\View\View->CodeIgniter\View\{closure}()
 4 SYSTEMPATH\Common.php(1169): CodeIgniter\View\View->render('alumno/lectura', [], true)
 5 APPPATH\Controllers\Alumnos.php(104): view('alumno/lectura', [...])
 6 SYSTEMPATH\CodeIgniter.php(933): App\Controllers\Alumnos->leer('assets', 'img', 'plane-shape.png')
 7 SYSTEMPATH\CodeIgniter.php(509): CodeIgniter\CodeIgniter->runController(Object(App\Controllers\Alumnos))
 8 SYSTEMPATH\CodeIgniter.php(355): CodeIgniter\CodeIgniter->handleRequest(null, Object(Config\Cache), false)
 9 SYSTEMPATH\Boot.php(325): CodeIgniter\CodeIgniter->run()
10 SYSTEMPATH\Boot.php(67): CodeIgniter\Boot::runCodeIgniter(Object(CodeIgniter\CodeIgniter))
11 FCPATH\index.php(56): CodeIgniter\Boot::bootWeb(Object(Config\Paths))
INFO - 2025-03-13 03:15:28 --> Session: Class initialized using 'CodeIgniter\Session\Handlers\FileHandler' driver.
CRITICAL - 2025-03-13 03:15:29 --> ErrorException: Attempt to read property "titulo" on null
[Method: GET, Route: leer/uploads/autores/1740614238_0d6d5d2aea0667305f3c.png]
in APPPATH\Views\alumno\lectura.php on line 13.
 1 APPPATH\Views\alumno\lectura.php(13): CodeIgniter\Debug\Exceptions->errorHandler(2, 'Attempt to read property "titulo" on null', 'C:\\xampp\\htdocs\\bibliotecadigital\\app\\Views\\alumno\\lectura.php', 13)
 2 SYSTEMPATH\View\View.php(234): include('C:\\xampp\\htdocs\\bibliotecadigital\\app\\Views\\alumno\\lectura.php')
 3 SYSTEMPATH\View\View.php(237): CodeIgniter\View\View->CodeIgniter\View\{closure}()
 4 SYSTEMPATH\Common.php(1169): CodeIgniter\View\View->render('alumno/lectura', [], true)
 5 APPPATH\Controllers\Alumnos.php(104): view('alumno/lectura', [...])
 6 SYSTEMPATH\CodeIgniter.php(933): App\Controllers\Alumnos->leer('uploads', 'autores', '1740614238_0d6d5d2aea0667305f3c.png')
 7 SYSTEMPATH\CodeIgniter.php(509): CodeIgniter\CodeIgniter->runController(Object(App\Controllers\Alumnos))
 8 SYSTEMPATH\CodeIgniter.php(355): CodeIgniter\CodeIgniter->handleRequest(null, Object(Config\Cache), false)
 9 SYSTEMPATH\Boot.php(325): CodeIgniter\CodeIgniter->run()
10 SYSTEMPATH\Boot.php(67): CodeIgniter\Boot::runCodeIgniter(Object(CodeIgniter\CodeIgniter))
11 FCPATH\index.php(56): CodeIgniter\Boot::bootWeb(Object(Config\Paths))
INFO - 2025-03-13 03:15:32 --> Session: Class initialized using 'CodeIgniter\Session\Handlers\FileHandler' driver.
CRITICAL - 2025-03-13 03:15:33 --> ErrorException: Attempt to read property "titulo" on null
[Method: GET, Route: leer/assets/img/icon/shuffle.svg]
in APPPATH\Views\alumno\lectura.php on line 13.
 1 APPPATH\Views\alumno\lectura.php(13): CodeIgniter\Debug\Exceptions->errorHandler(2, 'Attempt to read property "titulo" on null', 'C:\\xampp\\htdocs\\bibliotecadigital\\app\\Views\\alumno\\lectura.php', 13)
 2 SYSTEMPATH\View\View.php(234): include('C:\\xampp\\htdocs\\bibliotecadigital\\app\\Views\\alumno\\lectura.php')
 3 SYSTEMPATH\View\View.php(237): CodeIgniter\View\View->CodeIgniter\View\{closure}()
 4 SYSTEMPATH\Common.php(1169): CodeIgniter\View\View->render('alumno/lectura', [], true)
 5 APPPATH\Controllers\Alumnos.php(104): view('alumno/lectura', [...])
 6 SYSTEMPATH\CodeIgniter.php(933): App\Controllers\Alumnos->leer('assets', 'img', 'icon', 'shuffle.svg')
 7 SYSTEMPATH\CodeIgniter.php(509): CodeIgniter\CodeIgniter->runController(Object(App\Controllers\Alumnos))
 8 SYSTEMPATH\CodeIgniter.php(355): CodeIgniter\CodeIgniter->handleRequest(null, Object(Config\Cache), false)
 9 SYSTEMPATH\Boot.php(325): CodeIgniter\CodeIgniter->run()
10 SYSTEMPATH\Boot.php(67): CodeIgniter\Boot::runCodeIgniter(Object(CodeIgniter\CodeIgniter))
11 FCPATH\index.php(56): CodeIgniter\Boot::bootWeb(Object(Config\Paths))
INFO - 2025-03-13 03:41:24 --> Session: Class initialized using 'CodeIgniter\Session\Handlers\FileHandler' driver.
INFO - 2025-03-13 03:41:24 --> Session: Class initialized using 'CodeIgniter\Session\Handlers\FileHandler' driver.
CRITICAL - 2025-03-13 03:47:26 --> ErrorException: Attempt to read property "titulo" on null
[Method: GET, Route: libroscarreras/assets/img/icon/shuffle.svg]
in APPPATH\Views\detalle.php on line 13.
 1 APPPATH\Views\detalle.php(13): CodeIgniter\Debug\Exceptions->errorHandler(2, 'Attempt to read property "titulo" on null', 'C:\\xampp\\htdocs\\bibliotecadigital\\app\\Views\\detalle.php', 13)
 2 SYSTEMPATH\View\View.php(234): include('C:\\xampp\\htdocs\\bibliotecadigital\\app\\Views\\detalle.php')
 3 SYSTEMPATH\View\View.php(237): CodeIgniter\View\View->CodeIgniter\View\{closure}()
 4 SYSTEMPATH\Common.php(1169): CodeIgniter\View\View->render('detalle', [], true)
 5 APPPATH\Controllers\Home.php(42): view('detalle', [...])
 6 SYSTEMPATH\CodeIgniter.php(933): App\Controllers\Home->mostrardetalle('assets', 'img', 'icon', 'shuffle.svg')
 7 SYSTEMPATH\CodeIgniter.php(509): CodeIgniter\CodeIgniter->runController(Object(App\Controllers\Home))
 8 SYSTEMPATH\CodeIgniter.php(355): CodeIgniter\CodeIgniter->handleRequest(null, Object(Config\Cache), false)
 9 SYSTEMPATH\Boot.php(325): CodeIgniter\CodeIgniter->run()
10 SYSTEMPATH\Boot.php(67): CodeIgniter\Boot::runCodeIgniter(Object(CodeIgniter\CodeIgniter))
11 FCPATH\index.php(56): CodeIgniter\Boot::bootWeb(Object(Config\Paths))
CRITICAL - 2025-03-13 03:47:34 --> ErrorException: Attempt to read property "titulo" on null
[Method: GET, Route: libroscarreras/assets/img/plane-shape.png]
in APPPATH\Views\detalle.php on line 13.
 1 APPPATH\Views\detalle.php(13): CodeIgniter\Debug\Exceptions->errorHandler(2, 'Attempt to read property "titulo" on null', 'C:\\xampp\\htdocs\\bibliotecadigital\\app\\Views\\detalle.php', 13)
 2 SYSTEMPATH\View\View.php(234): include('C:\\xampp\\htdocs\\bibliotecadigital\\app\\Views\\detalle.php')
 3 SYSTEMPATH\View\View.php(237): CodeIgniter\View\View->CodeIgniter\View\{closure}()
 4 SYSTEMPATH\Common.php(1169): CodeIgniter\View\View->render('detalle', [], true)
 5 APPPATH\Controllers\Home.php(42): view('detalle', [...])
 6 SYSTEMPATH\CodeIgniter.php(933): App\Controllers\Home->mostrardetalle('assets', 'img', 'plane-shape.png')
 7 SYSTEMPATH\CodeIgniter.php(509): CodeIgniter\CodeIgniter->runController(Object(App\Controllers\Home))
 8 SYSTEMPATH\CodeIgniter.php(355): CodeIgniter\CodeIgniter->handleRequest(null, Object(Config\Cache), false)
 9 SYSTEMPATH\Boot.php(325): CodeIgniter\CodeIgniter->run()
10 SYSTEMPATH\Boot.php(67): CodeIgniter\Boot::runCodeIgniter(Object(CodeIgniter\CodeIgniter))
11 FCPATH\index.php(56): CodeIgniter\Boot::bootWeb(Object(Config\Paths))
INFO - 2025-03-13 03:48:43 --> Session: Class initialized using 'CodeIgniter\Session\Handlers\FileHandler' driver.
INFO - 2025-03-13 03:48:54 --> Session: Class initialized using 'CodeIgniter\Session\Handlers\FileHandler' driver.
INFO - 2025-03-13 03:49:40 --> Session: Class initialized using 'CodeIgniter\Session\Handlers\FileHandler' driver.
CRITICAL - 2025-03-13 03:49:47 --> ErrorException: Attempt to read property "titulo" on null
[Method: GET, Route: consulta/assets/img/icon/shuffle.svg]
in APPPATH\Views\alumno\detalle.php on line 13.
 1 APPPATH\Views\alumno\detalle.php(13): CodeIgniter\Debug\Exceptions->errorHandler(2, 'Attempt to read property "titulo" on null', 'C:\\xampp\\htdocs\\bibliotecadigital\\app\\Views\\alumno\\detalle.php', 13)
 2 SYSTEMPATH\View\View.php(234): include('C:\\xampp\\htdocs\\bibliotecadigital\\app\\Views\\alumno\\detalle.php')
 3 SYSTEMPATH\View\View.php(237): CodeIgniter\View\View->CodeIgniter\View\{closure}()
 4 SYSTEMPATH\Common.php(1169): CodeIgniter\View\View->render('alumno/detalle', [], true)
 5 APPPATH\Controllers\Alumnos.php(84): view('alumno/detalle', [...])
 6 SYSTEMPATH\CodeIgniter.php(933): App\Controllers\Alumnos->mostrardetalle('assets', 'img', 'icon', 'shuffle.svg')
 7 SYSTEMPATH\CodeIgniter.php(509): CodeIgniter\CodeIgniter->runController(Object(App\Controllers\Alumnos))
 8 SYSTEMPATH\CodeIgniter.php(355): CodeIgniter\CodeIgniter->handleRequest(null, Object(Config\Cache), false)
 9 SYSTEMPATH\Boot.php(325): CodeIgniter\CodeIgniter->run()
10 SYSTEMPATH\Boot.php(67): CodeIgniter\Boot::runCodeIgniter(Object(CodeIgniter\CodeIgniter))
11 FCPATH\index.php(56): CodeIgniter\Boot::bootWeb(Object(Config\Paths))
CRITICAL - 2025-03-13 03:49:56 --> ErrorException: Attempt to read property "titulo" on null
[Method: GET, Route: consulta/assets/img/plane-shape.png]
in APPPATH\Views\alumno\detalle.php on line 13.
 1 APPPATH\Views\alumno\detalle.php(13): CodeIgniter\Debug\Exceptions->errorHandler(2, 'Attempt to read property "titulo" on null', 'C:\\xampp\\htdocs\\bibliotecadigital\\app\\Views\\alumno\\detalle.php', 13)
 2 SYSTEMPATH\View\View.php(234): include('C:\\xampp\\htdocs\\bibliotecadigital\\app\\Views\\alumno\\detalle.php')
 3 SYSTEMPATH\View\View.php(237): CodeIgniter\View\View->CodeIgniter\View\{closure}()
 4 SYSTEMPATH\Common.php(1169): CodeIgniter\View\View->render('alumno/detalle', [], true)
 5 APPPATH\Controllers\Alumnos.php(84): view('alumno/detalle', [...])
 6 SYSTEMPATH\CodeIgniter.php(933): App\Controllers\Alumnos->mostrardetalle('assets', 'img', 'plane-shape.png')
 7 SYSTEMPATH\CodeIgniter.php(509): CodeIgniter\CodeIgniter->runController(Object(App\Controllers\Alumnos))
 8 SYSTEMPATH\CodeIgniter.php(355): CodeIgniter\CodeIgniter->handleRequest(null, Object(Config\Cache), false)
 9 SYSTEMPATH\Boot.php(325): CodeIgniter\CodeIgniter->run()
10 SYSTEMPATH\Boot.php(67): CodeIgniter\Boot::runCodeIgniter(Object(CodeIgniter\CodeIgniter))
11 FCPATH\index.php(56): CodeIgniter\Boot::bootWeb(Object(Config\Paths))
CRITICAL - 2025-03-13 03:50:07 --> ErrorException: Attempt to read property "titulo" on null
[Method: GET, Route: consulta/assets/img/logo/white-logo.svg]
in APPPATH\Views\alumno\detalle.php on line 13.
 1 APPPATH\Views\alumno\detalle.php(13): CodeIgniter\Debug\Exceptions->errorHandler(2, 'Attempt to read property "titulo" on null', 'C:\\xampp\\htdocs\\bibliotecadigital\\app\\Views\\alumno\\detalle.php', 13)
 2 SYSTEMPATH\View\View.php(234): include('C:\\xampp\\htdocs\\bibliotecadigital\\app\\Views\\alumno\\detalle.php')
 3 SYSTEMPATH\View\View.php(237): CodeIgniter\View\View->CodeIgniter\View\{closure}()
 4 SYSTEMPATH\Common.php(1169): CodeIgniter\View\View->render('alumno/detalle', [], true)
 5 APPPATH\Controllers\Alumnos.php(84): view('alumno/detalle', [...])
 6 SYSTEMPATH\CodeIgniter.php(933): App\Controllers\Alumnos->mostrardetalle('assets', 'img', 'logo', 'white-logo.svg')
 7 SYSTEMPATH\CodeIgniter.php(509): CodeIgniter\CodeIgniter->runController(Object(App\Controllers\Alumnos))
 8 SYSTEMPATH\CodeIgniter.php(355): CodeIgniter\CodeIgniter->handleRequest(null, Object(Config\Cache), false)
 9 SYSTEMPATH\Boot.php(325): CodeIgniter\CodeIgniter->run()
10 SYSTEMPATH\Boot.php(67): CodeIgniter\Boot::runCodeIgniter(Object(CodeIgniter\CodeIgniter))
11 FCPATH\index.php(56): CodeIgniter\Boot::bootWeb(Object(Config\Paths))
CRITICAL - 2025-03-13 03:50:08 --> ErrorException: Attempt to read property "titulo" on null
[Method: GET, Route: consulta/assets/img/icon/shuffle.svg]
in APPPATH\Views\alumno\detalle.php on line 13.
 1 APPPATH\Views\alumno\detalle.php(13): CodeIgniter\Debug\Exceptions->errorHandler(2, 'Attempt to read property "titulo" on null', 'C:\\xampp\\htdocs\\bibliotecadigital\\app\\Views\\alumno\\detalle.php', 13)
 2 SYSTEMPATH\View\View.php(234): include('C:\\xampp\\htdocs\\bibliotecadigital\\app\\Views\\alumno\\detalle.php')
 3 SYSTEMPATH\View\View.php(237): CodeIgniter\View\View->CodeIgniter\View\{closure}()
 4 SYSTEMPATH\Common.php(1169): CodeIgniter\View\View->render('alumno/detalle', [], true)
 5 APPPATH\Controllers\Alumnos.php(84): view('alumno/detalle', [...])
 6 SYSTEMPATH\CodeIgniter.php(933): App\Controllers\Alumnos->mostrardetalle('assets', 'img', 'icon', 'shuffle.svg')
 7 SYSTEMPATH\CodeIgniter.php(509): CodeIgniter\CodeIgniter->runController(Object(App\Controllers\Alumnos))
 8 SYSTEMPATH\CodeIgniter.php(355): CodeIgniter\CodeIgniter->handleRequest(null, Object(Config\Cache), false)
 9 SYSTEMPATH\Boot.php(325): CodeIgniter\CodeIgniter->run()
10 SYSTEMPATH\Boot.php(67): CodeIgniter\Boot::runCodeIgniter(Object(CodeIgniter\CodeIgniter))
11 FCPATH\index.php(56): CodeIgniter\Boot::bootWeb(Object(Config\Paths))
INFO - 2025-03-13 03:50:30 --> Session: Class initialized using 'CodeIgniter\Session\Handlers\FileHandler' driver.
INFO - 2025-03-13 03:50:34 --> Session: Class initialized using 'CodeIgniter\Session\Handlers\FileHandler' driver.
CRITICAL - 2025-03-13 03:50:35 --> ErrorException: Attempt to read property "titulo" on null
[Method: GET, Route: leer/assets/img/icon/shuffle.svg]
in APPPATH\Views\alumno\lectura.php on line 13.
 1 APPPATH\Views\alumno\lectura.php(13): CodeIgniter\Debug\Exceptions->errorHandler(2, 'Attempt to read property "titulo" on null', 'C:\\xampp\\htdocs\\bibliotecadigital\\app\\Views\\alumno\\lectura.php', 13)
 2 SYSTEMPATH\View\View.php(234): include('C:\\xampp\\htdocs\\bibliotecadigital\\app\\Views\\alumno\\lectura.php')
 3 SYSTEMPATH\View\View.php(237): CodeIgniter\View\View->CodeIgniter\View\{closure}()
 4 SYSTEMPATH\Common.php(1169): CodeIgniter\View\View->render('alumno/lectura', [], true)
 5 APPPATH\Controllers\Alumnos.php(104): view('alumno/lectura', [...])
 6 SYSTEMPATH\CodeIgniter.php(933): App\Controllers\Alumnos->leer('assets', 'img', 'icon', 'shuffle.svg')
 7 SYSTEMPATH\CodeIgniter.php(509): CodeIgniter\CodeIgniter->runController(Object(App\Controllers\Alumnos))
 8 SYSTEMPATH\CodeIgniter.php(355): CodeIgniter\CodeIgniter->handleRequest(null, Object(Config\Cache), false)
 9 SYSTEMPATH\Boot.php(325): CodeIgniter\CodeIgniter->run()
10 SYSTEMPATH\Boot.php(67): CodeIgniter\Boot::runCodeIgniter(Object(CodeIgniter\CodeIgniter))
11 FCPATH\index.php(56): CodeIgniter\Boot::bootWeb(Object(Config\Paths))
INFO - 2025-03-13 03:50:45 --> Session: Class initialized using 'CodeIgniter\Session\Handlers\FileHandler' driver.
CRITICAL - 2025-03-13 03:50:52 --> ErrorException: Attempt to read property "titulo" on null
[Method: GET, Route: leer/uploads/autores/1740614177_2d12338971989e97f888.png]
in APPPATH\Views\alumno\lectura.php on line 13.
 1 APPPATH\Views\alumno\lectura.php(13): CodeIgniter\Debug\Exceptions->errorHandler(2, 'Attempt to read property "titulo" on null', 'C:\\xampp\\htdocs\\bibliotecadigital\\app\\Views\\alumno\\lectura.php', 13)
 2 SYSTEMPATH\View\View.php(234): include('C:\\xampp\\htdocs\\bibliotecadigital\\app\\Views\\alumno\\lectura.php')
 3 SYSTEMPATH\View\View.php(237): CodeIgniter\View\View->CodeIgniter\View\{closure}()
 4 SYSTEMPATH\Common.php(1169): CodeIgniter\View\View->render('alumno/lectura', [], true)
 5 APPPATH\Controllers\Alumnos.php(104): view('alumno/lectura', [...])
 6 SYSTEMPATH\CodeIgniter.php(933): App\Controllers\Alumnos->leer('uploads', 'autores', '1740614177_2d12338971989e97f888.png')
 7 SYSTEMPATH\CodeIgniter.php(509): CodeIgniter\CodeIgniter->runController(Object(App\Controllers\Alumnos))
 8 SYSTEMPATH\CodeIgniter.php(355): CodeIgniter\CodeIgniter->handleRequest(null, Object(Config\Cache), false)
 9 SYSTEMPATH\Boot.php(325): CodeIgniter\CodeIgniter->run()
10 SYSTEMPATH\Boot.php(67): CodeIgniter\Boot::runCodeIgniter(Object(CodeIgniter\CodeIgniter))
11 FCPATH\index.php(56): CodeIgniter\Boot::bootWeb(Object(Config\Paths))
INFO - 2025-03-13 03:50:58 --> Session: Class initialized using 'CodeIgniter\Session\Handlers\FileHandler' driver.
CRITICAL - 2025-03-13 03:51:00 --> ErrorException: Attempt to read property "titulo" on null
[Method: GET, Route: leer/uploads/autores/1740614238_0d6d5d2aea0667305f3c.png]
in APPPATH\Views\alumno\lectura.php on line 13.
 1 APPPATH\Views\alumno\lectura.php(13): CodeIgniter\Debug\Exceptions->errorHandler(2, 'Attempt to read property "titulo" on null', 'C:\\xampp\\htdocs\\bibliotecadigital\\app\\Views\\alumno\\lectura.php', 13)
 2 SYSTEMPATH\View\View.php(234): include('C:\\xampp\\htdocs\\bibliotecadigital\\app\\Views\\alumno\\lectura.php')
 3 SYSTEMPATH\View\View.php(237): CodeIgniter\View\View->CodeIgniter\View\{closure}()
 4 SYSTEMPATH\Common.php(1169): CodeIgniter\View\View->render('alumno/lectura', [], true)
 5 APPPATH\Controllers\Alumnos.php(104): view('alumno/lectura', [...])
 6 SYSTEMPATH\CodeIgniter.php(933): App\Controllers\Alumnos->leer('uploads', 'autores', '1740614238_0d6d5d2aea0667305f3c.png')
 7 SYSTEMPATH\CodeIgniter.php(509): CodeIgniter\CodeIgniter->runController(Object(App\Controllers\Alumnos))
 8 SYSTEMPATH\CodeIgniter.php(355): CodeIgniter\CodeIgniter->handleRequest(null, Object(Config\Cache), false)
 9 SYSTEMPATH\Boot.php(325): CodeIgniter\CodeIgniter->run()
10 SYSTEMPATH\Boot.php(67): CodeIgniter\Boot::runCodeIgniter(Object(CodeIgniter\CodeIgniter))
11 FCPATH\index.php(56): CodeIgniter\Boot::bootWeb(Object(Config\Paths))
INFO - 2025-03-13 03:51:01 --> Session: Class initialized using 'CodeIgniter\Session\Handlers\FileHandler' driver.
CRITICAL - 2025-03-13 03:51:03 --> ErrorException: Attempt to read property "titulo" on null
[Method: GET, Route: leer/assets/img/logo/white-logo.svg]
in APPPATH\Views\alumno\lectura.php on line 13.
 1 APPPATH\Views\alumno\lectura.php(13): CodeIgniter\Debug\Exceptions->errorHandler(2, 'Attempt to read property "titulo" on null', 'C:\\xampp\\htdocs\\bibliotecadigital\\app\\Views\\alumno\\lectura.php', 13)
 2 SYSTEMPATH\View\View.php(234): include('C:\\xampp\\htdocs\\bibliotecadigital\\app\\Views\\alumno\\lectura.php')
 3 SYSTEMPATH\View\View.php(237): CodeIgniter\View\View->CodeIgniter\View\{closure}()
 4 SYSTEMPATH\Common.php(1169): CodeIgniter\View\View->render('alumno/lectura', [], true)
 5 APPPATH\Controllers\Alumnos.php(104): view('alumno/lectura', [...])
 6 SYSTEMPATH\CodeIgniter.php(933): App\Controllers\Alumnos->leer('assets', 'img', 'logo', 'white-logo.svg')
 7 SYSTEMPATH\CodeIgniter.php(509): CodeIgniter\CodeIgniter->runController(Object(App\Controllers\Alumnos))
 8 SYSTEMPATH\CodeIgniter.php(355): CodeIgniter\CodeIgniter->handleRequest(null, Object(Config\Cache), false)
 9 SYSTEMPATH\Boot.php(325): CodeIgniter\CodeIgniter->run()
10 SYSTEMPATH\Boot.php(67): CodeIgniter\Boot::runCodeIgniter(Object(CodeIgniter\CodeIgniter))
11 FCPATH\index.php(56): CodeIgniter\Boot::bootWeb(Object(Config\Paths))
INFO - 2025-03-13 03:51:03 --> Session: Class initialized using 'CodeIgniter\Session\Handlers\FileHandler' driver.
CRITICAL - 2025-03-13 03:51:04 --> ErrorException: Attempt to read property "titulo" on null
[Method: GET, Route: leer/assets/img/plane-shape.png]
in APPPATH\Views\alumno\lectura.php on line 13.
 1 APPPATH\Views\alumno\lectura.php(13): CodeIgniter\Debug\Exceptions->errorHandler(2, 'Attempt to read property "titulo" on null', 'C:\\xampp\\htdocs\\bibliotecadigital\\app\\Views\\alumno\\lectura.php', 13)
 2 SYSTEMPATH\View\View.php(234): include('C:\\xampp\\htdocs\\bibliotecadigital\\app\\Views\\alumno\\lectura.php')
 3 SYSTEMPATH\View\View.php(237): CodeIgniter\View\View->CodeIgniter\View\{closure}()
 4 SYSTEMPATH\Common.php(1169): CodeIgniter\View\View->render('alumno/lectura', [], true)
 5 APPPATH\Controllers\Alumnos.php(104): view('alumno/lectura', [...])
 6 SYSTEMPATH\CodeIgniter.php(933): App\Controllers\Alumnos->leer('assets', 'img', 'plane-shape.png')
 7 SYSTEMPATH\CodeIgniter.php(509): CodeIgniter\CodeIgniter->runController(Object(App\Controllers\Alumnos))
 8 SYSTEMPATH\CodeIgniter.php(355): CodeIgniter\CodeIgniter->handleRequest(null, Object(Config\Cache), false)
 9 SYSTEMPATH\Boot.php(325): CodeIgniter\CodeIgniter->run()
10 SYSTEMPATH\Boot.php(67): CodeIgniter\Boot::runCodeIgniter(Object(CodeIgniter\CodeIgniter))
11 FCPATH\index.php(56): CodeIgniter\Boot::bootWeb(Object(Config\Paths))
INFO - 2025-03-13 03:51:17 --> Session: Class initialized using 'CodeIgniter\Session\Handlers\FileHandler' driver.
CRITICAL - 2025-03-13 03:51:19 --> ErrorException: Attempt to read property "titulo" on null
[Method: GET, Route: leer/assets/img/icon/shuffle.svg]
in APPPATH\Views\alumno\lectura.php on line 13.
 1 APPPATH\Views\alumno\lectura.php(13): CodeIgniter\Debug\Exceptions->errorHandler(2, 'Attempt to read property "titulo" on null', 'C:\\xampp\\htdocs\\bibliotecadigital\\app\\Views\\alumno\\lectura.php', 13)
 2 SYSTEMPATH\View\View.php(234): include('C:\\xampp\\htdocs\\bibliotecadigital\\app\\Views\\alumno\\lectura.php')
 3 SYSTEMPATH\View\View.php(237): CodeIgniter\View\View->CodeIgniter\View\{closure}()
 4 SYSTEMPATH\Common.php(1169): CodeIgniter\View\View->render('alumno/lectura', [], true)
 5 APPPATH\Controllers\Alumnos.php(104): view('alumno/lectura', [...])
 6 SYSTEMPATH\CodeIgniter.php(933): App\Controllers\Alumnos->leer('assets', 'img', 'icon', 'shuffle.svg')
 7 SYSTEMPATH\CodeIgniter.php(509): CodeIgniter\CodeIgniter->runController(Object(App\Controllers\Alumnos))
 8 SYSTEMPATH\CodeIgniter.php(355): CodeIgniter\CodeIgniter->handleRequest(null, Object(Config\Cache), false)
 9 SYSTEMPATH\Boot.php(325): CodeIgniter\CodeIgniter->run()
10 SYSTEMPATH\Boot.php(67): CodeIgniter\Boot::runCodeIgniter(Object(CodeIgniter\CodeIgniter))
11 FCPATH\index.php(56): CodeIgniter\Boot::bootWeb(Object(Config\Paths))
INFO - 2025-03-13 03:51:44 --> Session: Class initialized using 'CodeIgniter\Session\Handlers\FileHandler' driver.
INFO - 2025-03-13 03:53:54 --> Session: Class initialized using 'CodeIgniter\Session\Handlers\FileHandler' driver.
INFO - 2025-03-13 03:53:57 --> Session: Class initialized using 'CodeIgniter\Session\Handlers\FileHandler' driver.
INFO - 2025-03-13 03:54:20 --> Session: Class initialized using 'CodeIgniter\Session\Handlers\FileHandler' driver.
INFO - 2025-03-13 03:55:19 --> Session: Class initialized using 'CodeIgniter\Session\Handlers\FileHandler' driver.
INFO - 2025-03-13 03:55:24 --> Session: Class initialized using 'CodeIgniter\Session\Handlers\FileHandler' driver.
INFO - 2025-03-13 03:55:45 --> Session: Class initialized using 'CodeIgniter\Session\Handlers\FileHandler' driver.
INFO - 2025-03-13 03:56:04 --> Session: Class initialized using 'CodeIgniter\Session\Handlers\FileHandler' driver.
INFO - 2025-03-13 03:56:20 --> Session: Class initialized using 'CodeIgniter\Session\Handlers\FileHandler' driver.
INFO - 2025-03-13 03:56:42 --> Session: Class initialized using 'CodeIgniter\Session\Handlers\FileHandler' driver.
INFO - 2025-03-13 03:58:46 --> Session: Class initialized using 'CodeIgniter\Session\Handlers\FileHandler' driver.
INFO - 2025-03-13 03:59:04 --> Session: Class initialized using 'CodeIgniter\Session\Handlers\FileHandler' driver.
INFO - 2025-03-13 03:59:06 --> Session: Class initialized using 'CodeIgniter\Session\Handlers\FileHandler' driver.
INFO - 2025-03-13 03:59:35 --> Session: Class initialized using 'CodeIgniter\Session\Handlers\FileHandler' driver.
